Mon Mar 11 22:25:44 UTC 2019
make[2]: Entering directory '/sources/gcc-build'
make[3]: Entering directory '/sources/gcc-build'
make[4]: Entering directory '/sources/gcc-build/fixincludes'
autogen -T ../../gcc-8.3.0/fixincludes/check.tpl ../../gcc-8.3.0/fixincludes/inclhack.def
make[4]: autogen: Command not found
make[4]: *** [Makefile:176: check] Error 127
make[4]: Leaving directory '/sources/gcc-build/fixincludes'
make[3]: *** [Makefile:3672: check-fixincludes] Error 2
make[4]: Entering directory '/sources/gcc-build/gcc'
Making a new config file...
echo "set tmpdir /sources/gcc-build/gcc/testsuite" >> ./site.tmp
rm -rf testsuite/gcc-parallel
make[5]: Entering directory '/sources/gcc-build/gcc'
(rootme=`${PWDCMD-pwd}`; export rootme; \
srcdir=`cd ../../gcc-8.3.0/gcc; ${PWDCMD-pwd}` ; export srcdir ; \
if [ -n "" ] \
   && [ -n "$GCC_RUNTEST_PARALLELIZE_DIR" ] \
   && [ -f testsuite/gcc-parallel/finished ]; then \
  rm -rf testsuite/gcc; \
else \
  cd testsuite/gcc; \
  rm -f tmp-site.exp; \
  sed '/set tmpdir/ s|testsuite$|testsuite/gcc|' \
	< ../../site.exp > tmp-site.exp; \
  /bin/sh ${srcdir}/../move-if-change tmp-site.exp site.exp; \
  EXPECT=`if [ -f ${rootme}/../expect/expect ] ; then echo ${rootme}/../expect/expect ; else echo expect ; fi` ; export EXPECT ; \
  if [ -f ${rootme}/../expect/expect ] ; then  \
    TCL_LIBRARY=`cd .. ; cd ${srcdir}/../tcl/library ; ${PWDCMD-pwd}` ; \
    export TCL_LIBRARY ; \
  fi ; \
  `if [ -f ${srcdir}/../dejagnu/runtest ] ; then echo ${srcdir}/../dejagnu/runtest ; else echo runtest; fi` --tool gcc ; \
  if [ -n "$GCC_RUNTEST_PARALLELIZE_DIR" ] ; then \
    touch ${rootme}/testsuite/gcc-parallel/finished; \
  fi ; \
fi )
WARNING: Couldn't find the global config file.
Using /sources/gcc-8.3.0/gcc/testsuite/lib/gcc.exp as tool init file.
Test run by root on Mon Mar 11 23:56:39 2019
Native configuration is powerpc64-unknown-linux-gnu

		=== gcc tests ===

Schedule of variations:
    unix

Running target unix
Using /tools/share/dejagnu/baseboards/unix.exp as board description file for target.
Using /tools/share/dejagnu/config/unix.exp as generic interface file for target.
Using /sources/gcc-8.3.0/gcc/testsuite/config/default.exp as tool-and-target-specific interface file.
Running /sources/gcc-8.3.0/gcc/testsuite/gcc.c-torture/compile/compile.exp ...
Running /sources/gcc-8.3.0/gcc/testsuite/gcc.c-torture/execute/builtins/builtins.exp ...
Running /sources/gcc-8.3.0/gcc/testsuite/gcc.c-torture/execute/execute.exp ...
Running /sources/gcc-8.3.0/gcc/testsuite/gcc.c-torture/execute/ieee/ieee.exp ...
Running /sources/gcc-8.3.0/gcc/testsuite/gcc.c-torture/unsorted/unsorted.exp ...
Running /sources/gcc-8.3.0/gcc/testsuite/gcc.dg/asan/asan.exp ...
Running /sources/gcc-8.3.0/gcc/testsuite/gcc.dg/atomic/atomic.exp ...
Running /sources/gcc-8.3.0/gcc/testsuite/gcc.dg/autopar/autopar.exp ...
Running /sources/gcc-8.3.0/gcc/testsuite/gcc.dg/charset/charset.exp ...
Running /sources/gcc-8.3.0/gcc/testsuite/gcc.dg/compat/compat.exp ...
Running /sources/gcc-8.3.0/gcc/testsuite/gcc.dg/compat/struct-layout-1.exp ...
Running /sources/gcc-8.3.0/gcc/testsuite/gcc.dg/cpp/cpp.exp ...
Running /sources/gcc-8.3.0/gcc/testsuite/gcc.dg/cpp/trad/trad.exp ...
Running /sources/gcc-8.3.0/gcc/testsuite/gcc.dg/debug/debug.exp ...
Running /sources/gcc-8.3.0/gcc/testsuite/gcc.dg/debug/dwarf2/dwarf2.exp ...
Running /sources/gcc-8.3.0/gcc/testsuite/gcc.dg/dfp/dfp.exp ...
Running /sources/gcc-8.3.0/gcc/testsuite/gcc.dg/dg.exp ...
FAIL: gcc.dg/sms-1.c scan-rtl-dump-times sms "SMS succeeded" 1
Running /sources/gcc-8.3.0/gcc/testsuite/gcc.dg/fixed-point/fixed-point.exp ...
Running /sources/gcc-8.3.0/gcc/testsuite/gcc.dg/format/format.exp ...
Running /sources/gcc-8.3.0/gcc/testsuite/gcc.dg/goacc-gomp/goacc-gomp.exp ...
Running /sources/gcc-8.3.0/gcc/testsuite/gcc.dg/goacc/goacc.exp ...
Running /sources/gcc-8.3.0/gcc/testsuite/gcc.dg/gomp/gomp.exp ...
FAIL: gcc.dg/gomp/pr82374.c scan-tree-dump-times vect "vectorized 1 loops" 2
Running /sources/gcc-8.3.0/gcc/testsuite/gcc.dg/graphite/graphite.exp ...
XPASS: gcc.dg/graphite/pr69728.c scan-tree-dump graphite "loop nest optimized"
Running /sources/gcc-8.3.0/gcc/testsuite/gcc.dg/guality/guality.exp ...
Running /sources/gcc-8.3.0/gcc/testsuite/gcc.dg/ipa/ipa.exp ...
FAIL: gcc.dg/ipa/iinline-attr.c scan-ipa-dump inline "hooray[^\\n]*inline copy in test"
Running /sources/gcc-8.3.0/gcc/testsuite/gcc.dg/lto/lto.exp ...
Running /sources/gcc-8.3.0/gcc/testsuite/gcc.dg/noncompile/noncompile.exp ...
Running /sources/gcc-8.3.0/gcc/testsuite/gcc.dg/params/params.exp ...
Running /sources/gcc-8.3.0/gcc/testsuite/gcc.dg/pch/pch.exp ...
Running /sources/gcc-8.3.0/gcc/testsuite/gcc.dg/plugin/plugin.exp ...
Running /sources/gcc-8.3.0/gcc/testsuite/gcc.dg/rtl/rtl.exp ...
Running /sources/gcc-8.3.0/gcc/testsuite/gcc.dg/sancov/sancov.exp ...
Running /sources/gcc-8.3.0/gcc/testsuite/gcc.dg/simulate-thread/simulate-thread.exp ...
Running /sources/gcc-8.3.0/gcc/testsuite/gcc.dg/special/mips-abi.exp ...
Running /sources/gcc-8.3.0/gcc/testsuite/gcc.dg/special/special.exp ...
Running /sources/gcc-8.3.0/gcc/testsuite/gcc.dg/sso/sso.exp ...
Running /sources/gcc-8.3.0/gcc/testsuite/gcc.dg/tls/tls.exp ...
Running /sources/gcc-8.3.0/gcc/testsuite/gcc.dg/tm/tm.exp ...
Running /sources/gcc-8.3.0/gcc/testsuite/gcc.dg/torture/dg-torture.exp ...
FAIL: gcc.dg/torture/pr52451.c   -O0  execution test
FAIL: gcc.dg/torture/pr52451.c   -O1  execution test
FAIL: gcc.dg/torture/pr52451.c   -O2  execution test
FAIL: gcc.dg/torture/pr52451.c   -O3 -g  execution test
FAIL: gcc.dg/torture/pr52451.c   -Os  execution test
FAIL: gcc.dg/torture/pr52451.c   -O2 -flto -fno-use-linker-plugin -flto-partition=none  execution test
FAIL: gcc.dg/torture/pr52451.c   -O2 -flto -fuse-linker-plugin -fno-fat-lto-objects  execution test
Running /sources/gcc-8.3.0/gcc/testsuite/gcc.dg/torture/stackalign/stackalign.exp ...
Running /sources/gcc-8.3.0/gcc/testsuite/gcc.dg/torture/tls/tls.exp ...
Running /sources/gcc-8.3.0/gcc/testsuite/gcc.dg/tree-prof/tree-prof.exp ...
Running /sources/gcc-8.3.0/gcc/testsuite/gcc.dg/tree-ssa/tree-ssa.exp ...
Running /sources/gcc-8.3.0/gcc/testsuite/gcc.dg/tsan/tsan.exp ...
Running /sources/gcc-8.3.0/gcc/testsuite/gcc.dg/ubsan/ubsan.exp ...
Running /sources/gcc-8.3.0/gcc/testsuite/gcc.dg/vect/costmodel/i386/i386-costmodel-vect.exp ...
Running /sources/gcc-8.3.0/gcc/testsuite/gcc.dg/vect/costmodel/ppc/ppc-costmodel-vect.exp ...
FAIL: gcc.dg/vect/costmodel/ppc/costmodel-vect-76b.c scan-tree-dump-times vect "vectorized 1 loops" 0
FAIL: gcc.dg/vect/costmodel/ppc/costmodel-vect-76b.c scan-tree-dump-times vect "vectorization not profitable" 1
Running /sources/gcc-8.3.0/gcc/testsuite/gcc.dg/vect/costmodel/spu/spu-costmodel-vect.exp ...
Running /sources/gcc-8.3.0/gcc/testsuite/gcc.dg/vect/costmodel/x86_64/x86_64-costmodel-vect.exp ...
Running /sources/gcc-8.3.0/gcc/testsuite/gcc.dg/vect/vect.exp ...
FAIL: gcc.dg/vect/pr46032.c scan-tree-dump-times vect "note: vectorized 1 loop" 1
FAIL: gcc.dg/vect/pr85586.c scan-tree-dump-times vect "LOOP VECTORIZED" 1
XPASS: gcc.dg/vect/vect-24.c scan-tree-dump-times vect "vectorized 3 loops" 1
FAIL: gcc.dg/vect/vect-31.c scan-tree-dump-times vect "vectorized 4 loops" 1
FAIL: gcc.dg/vect/vect-44.c scan-tree-dump-times vect "Vectorizing an unaligned access" 3
FAIL: gcc.dg/vect/vect-50.c scan-tree-dump-times vect "Vectorizing an unaligned access" 3
FAIL: gcc.dg/vect/vect-93.c scan-tree-dump-times vect "vectorized 2 loops" 2
FAIL: gcc.dg/vect/vect-strided-a-u8-i2-gap.c scan-tree-dump-times vect "vectorized 1 loops" 1
FAIL: gcc.dg/vect/slp-43.c scan-tree-dump-times vect "vectorized 1 loops" 2
FAIL: gcc.dg/vect/pr46032.c -flto -ffat-lto-objects  scan-tree-dump-times vect "note: vectorized 1 loop" 1
FAIL: gcc.dg/vect/pr85586.c -flto -ffat-lto-objects  scan-tree-dump-times vect "LOOP VECTORIZED" 1
XPASS: gcc.dg/vect/vect-24.c -flto -ffat-lto-objects  scan-tree-dump-times vect "vectorized 3 loops" 1
FAIL: gcc.dg/vect/vect-31.c -flto -ffat-lto-objects  scan-tree-dump-times vect "vectorized 4 loops" 1
FAIL: gcc.dg/vect/vect-44.c -flto -ffat-lto-objects  scan-tree-dump-times vect "Vectorizing an unaligned access" 3
FAIL: gcc.dg/vect/vect-50.c -flto -ffat-lto-objects  scan-tree-dump-times vect "Vectorizing an unaligned access" 3
FAIL: gcc.dg/vect/vect-93.c -flto -ffat-lto-objects  scan-tree-dump-times vect "vectorized 2 loops" 2
FAIL: gcc.dg/vect/vect-strided-a-u8-i2-gap.c -flto -ffat-lto-objects  scan-tree-dump-times vect "vectorized 1 loops" 1
FAIL: gcc.dg/vect/slp-43.c -flto -ffat-lto-objects  scan-tree-dump-times vect "vectorized 1 loops" 2
FAIL: gcc.dg/vect/no-vfa-vect-depend-2.c scan-tree-dump-times vect "vectorized 1 loops" 1
FAIL: gcc.dg/vect/no-vfa-vect-depend-3.c scan-tree-dump-times vect "vectorized 1 loops" 4
FAIL: gcc.dg/vect/section-anchors-vect-69.c scan-tree-dump-times vect "vectorized 4 loops" 1
FAIL: gcc.dg/vect/no-tree-sra-bb-slp-pr50730.c scan-tree-dump-times slp2 "basic block vectorized" 1
Running /sources/gcc-8.3.0/gcc/testsuite/gcc.dg/vmx/vmx.exp ...
FAIL: gcc.dg/vmx/extract-vsx-be-order.c   -O0  execution test
FAIL: gcc.dg/vmx/extract-vsx.c   -O0  execution test
FAIL: gcc.dg/vmx/insert-vsx-be-order.c   -O0  execution test
FAIL: gcc.dg/vmx/insert-vsx.c   -O0  execution test
FAIL: gcc.dg/vmx/ld-vsx-be-order.c   -O0  execution test
FAIL: gcc.dg/vmx/ld-vsx-be-order.c   -O1  execution test
FAIL: gcc.dg/vmx/ld-vsx-be-order.c   -O2  execution test
FAIL: gcc.dg/vmx/ld-vsx-be-order.c   -O3 -fomit-frame-pointer -funroll-loops -fpeel-loops -ftracer -finline-functions  execution test
FAIL: gcc.dg/vmx/ld-vsx-be-order.c   -O3 -g  execution test
FAIL: gcc.dg/vmx/ld-vsx-be-order.c   -Os  execution test
FAIL: gcc.dg/vmx/ld-vsx-be-order.c   -O2 -flto -fno-use-linker-plugin -flto-partition=none  execution test
FAIL: gcc.dg/vmx/ld-vsx-be-order.c   -O2 -flto -fuse-linker-plugin -fno-fat-lto-objects  execution test
FAIL: gcc.dg/vmx/ld-vsx.c   -O0  execution test
FAIL: gcc.dg/vmx/ld-vsx.c   -O1  execution test
FAIL: gcc.dg/vmx/ld-vsx.c   -O2  execution test
FAIL: gcc.dg/vmx/ld-vsx.c   -O3 -fomit-frame-pointer -funroll-loops -fpeel-loops -ftracer -finline-functions  execution test
FAIL: gcc.dg/vmx/ld-vsx.c   -O3 -g  execution test
FAIL: gcc.dg/vmx/ld-vsx.c   -Os  execution test
FAIL: gcc.dg/vmx/ld-vsx.c   -O2 -flto -fno-use-linker-plugin -flto-partition=none  execution test
FAIL: gcc.dg/vmx/ld-vsx.c   -O2 -flto -fuse-linker-plugin -fno-fat-lto-objects  execution test
FAIL: gcc.dg/vmx/ldl-vsx-be-order.c   -O0  execution test
FAIL: gcc.dg/vmx/ldl-vsx-be-order.c   -O1  execution test
FAIL: gcc.dg/vmx/ldl-vsx-be-order.c   -O2  execution test
FAIL: gcc.dg/vmx/ldl-vsx-be-order.c   -O3 -fomit-frame-pointer -funroll-loops -fpeel-loops -ftracer -finline-functions  execution test
FAIL: gcc.dg/vmx/ldl-vsx-be-order.c   -O3 -g  execution test
FAIL: gcc.dg/vmx/ldl-vsx-be-order.c   -Os  execution test
FAIL: gcc.dg/vmx/ldl-vsx-be-order.c   -O2 -flto -fno-use-linker-plugin -flto-partition=none  execution test
FAIL: gcc.dg/vmx/ldl-vsx-be-order.c   -O2 -flto -fuse-linker-plugin -fno-fat-lto-objects  execution test
FAIL: gcc.dg/vmx/ldl-vsx.c   -O0  execution test
FAIL: gcc.dg/vmx/ldl-vsx.c   -O1  execution test
FAIL: gcc.dg/vmx/ldl-vsx.c   -O2  execution test
FAIL: gcc.dg/vmx/ldl-vsx.c   -O3 -fomit-frame-pointer -funroll-loops -fpeel-loops -ftracer -finline-functions  execution test
FAIL: gcc.dg/vmx/ldl-vsx.c   -O3 -g  execution test
FAIL: gcc.dg/vmx/ldl-vsx.c   -Os  execution test
FAIL: gcc.dg/vmx/ldl-vsx.c   -O2 -flto -fno-use-linker-plugin -flto-partition=none  execution test
FAIL: gcc.dg/vmx/ldl-vsx.c   -O2 -flto -fuse-linker-plugin -fno-fat-lto-objects  execution test
FAIL: gcc.dg/vmx/merge-vsx-be-order.c   -O0  execution test
FAIL: gcc.dg/vmx/merge-vsx-be-order.c   -O1  execution test
FAIL: gcc.dg/vmx/merge-vsx-be-order.c   -O2  execution test
FAIL: gcc.dg/vmx/merge-vsx-be-order.c   -O3 -g  execution test
FAIL: gcc.dg/vmx/merge-vsx-be-order.c   -Os  execution test
FAIL: gcc.dg/vmx/merge-vsx-be-order.c   -O2 -flto -fno-use-linker-plugin -flto-partition=none  execution test
FAIL: gcc.dg/vmx/merge-vsx-be-order.c   -O2 -flto -fuse-linker-plugin -fno-fat-lto-objects  execution test
FAIL: gcc.dg/vmx/merge-vsx.c   -O0  execution test
FAIL: gcc.dg/vmx/merge-vsx.c   -O1  execution test
FAIL: gcc.dg/vmx/merge-vsx.c   -O2  execution test
FAIL: gcc.dg/vmx/merge-vsx.c   -O3 -g  execution test
FAIL: gcc.dg/vmx/merge-vsx.c   -Os  execution test
FAIL: gcc.dg/vmx/merge-vsx.c   -O2 -flto -fno-use-linker-plugin -flto-partition=none  execution test
FAIL: gcc.dg/vmx/merge-vsx.c   -O2 -flto -fuse-linker-plugin -fno-fat-lto-objects  execution test
FAIL: gcc.dg/vmx/splat-vsx-be-order.c   -O0  execution test
FAIL: gcc.dg/vmx/splat-vsx-be-order.c   -O1  execution test
FAIL: gcc.dg/vmx/splat-vsx-be-order.c   -O2  execution test
FAIL: gcc.dg/vmx/splat-vsx-be-order.c   -O3 -g  execution test
FAIL: gcc.dg/vmx/splat-vsx-be-order.c   -Os  execution test
FAIL: gcc.dg/vmx/splat-vsx-be-order.c   -O2 -flto -fno-use-linker-plugin -flto-partition=none  execution test
FAIL: gcc.dg/vmx/splat-vsx-be-order.c   -O2 -flto -fuse-linker-plugin -fno-fat-lto-objects  execution test
FAIL: gcc.dg/vmx/splat-vsx.c   -O0  execution test
FAIL: gcc.dg/vmx/splat-vsx.c   -O1  execution test
FAIL: gcc.dg/vmx/splat-vsx.c   -O2  execution test
FAIL: gcc.dg/vmx/splat-vsx.c   -O3 -g  execution test
FAIL: gcc.dg/vmx/splat-vsx.c   -Os  execution test
FAIL: gcc.dg/vmx/splat-vsx.c   -O2 -flto -fno-use-linker-plugin -flto-partition=none  execution test
FAIL: gcc.dg/vmx/splat-vsx.c   -O2 -flto -fuse-linker-plugin -fno-fat-lto-objects  execution test
FAIL: gcc.dg/vmx/st-vsx-be-order.c   -O0  execution test
FAIL: gcc.dg/vmx/st-vsx-be-order.c   -O1  execution test
FAIL: gcc.dg/vmx/st-vsx-be-order.c   -O2  execution test
FAIL: gcc.dg/vmx/st-vsx-be-order.c   -O3 -fomit-frame-pointer -funroll-loops -fpeel-loops -ftracer -finline-functions  execution test
FAIL: gcc.dg/vmx/st-vsx-be-order.c   -O3 -g  execution test
FAIL: gcc.dg/vmx/st-vsx-be-order.c   -Os  execution test
FAIL: gcc.dg/vmx/st-vsx-be-order.c   -O2 -flto -fno-use-linker-plugin -flto-partition=none  execution test
FAIL: gcc.dg/vmx/st-vsx-be-order.c   -O2 -flto -fuse-linker-plugin -fno-fat-lto-objects  execution test
FAIL: gcc.dg/vmx/st-vsx.c   -O0  execution test
FAIL: gcc.dg/vmx/st-vsx.c   -O1  execution test
FAIL: gcc.dg/vmx/st-vsx.c   -O2  execution test
FAIL: gcc.dg/vmx/st-vsx.c   -O3 -fomit-frame-pointer -funroll-loops -fpeel-loops -ftracer -finline-functions  execution test
FAIL: gcc.dg/vmx/st-vsx.c   -O3 -g  execution test
FAIL: gcc.dg/vmx/st-vsx.c   -Os  execution test
FAIL: gcc.dg/vmx/st-vsx.c   -O2 -flto -fno-use-linker-plugin -flto-partition=none  execution test
FAIL: gcc.dg/vmx/st-vsx.c   -O2 -flto -fuse-linker-plugin -fno-fat-lto-objects  execution test
FAIL: gcc.dg/vmx/stl-vsx-be-order.c   -O0  execution test
FAIL: gcc.dg/vmx/stl-vsx-be-order.c   -O1  execution test
FAIL: gcc.dg/vmx/stl-vsx-be-order.c   -O2  execution test
FAIL: gcc.dg/vmx/stl-vsx-be-order.c   -O3 -fomit-frame-pointer -funroll-loops -fpeel-loops -ftracer -finline-functions  execution test
FAIL: gcc.dg/vmx/stl-vsx-be-order.c   -O3 -g  execution test
FAIL: gcc.dg/vmx/stl-vsx-be-order.c   -Os  execution test
FAIL: gcc.dg/vmx/stl-vsx-be-order.c   -O2 -flto -fno-use-linker-plugin -flto-partition=none  execution test
FAIL: gcc.dg/vmx/stl-vsx-be-order.c   -O2 -flto -fuse-linker-plugin -fno-fat-lto-objects  execution test
FAIL: gcc.dg/vmx/stl-vsx.c   -O0  execution test
FAIL: gcc.dg/vmx/stl-vsx.c   -O1  execution test
FAIL: gcc.dg/vmx/stl-vsx.c   -O2  execution test
FAIL: gcc.dg/vmx/stl-vsx.c   -O3 -fomit-frame-pointer -funroll-loops -fpeel-loops -ftracer -finline-functions  execution test
FAIL: gcc.dg/vmx/stl-vsx.c   -O3 -g  execution test
FAIL: gcc.dg/vmx/stl-vsx.c   -Os  execution test
FAIL: gcc.dg/vmx/stl-vsx.c   -O2 -flto -fno-use-linker-plugin -flto-partition=none  execution test
FAIL: gcc.dg/vmx/stl-vsx.c   -O2 -flto -fuse-linker-plugin -fno-fat-lto-objects  execution test
Running /sources/gcc-8.3.0/gcc/testsuite/gcc.dg/vxworks/vxworks.exp ...
Running /sources/gcc-8.3.0/gcc/testsuite/gcc.dg/weak/weak.exp ...
Running /sources/gcc-8.3.0/gcc/testsuite/gcc.misc-tests/acker1.exp ...
Running /sources/gcc-8.3.0/gcc/testsuite/gcc.misc-tests/arm-isr.exp ...
Running /sources/gcc-8.3.0/gcc/testsuite/gcc.misc-tests/bprob.exp ...
Running /sources/gcc-8.3.0/gcc/testsuite/gcc.misc-tests/dectest.exp ...
Running /sources/gcc-8.3.0/gcc/testsuite/gcc.misc-tests/dhry.exp ...
Running /sources/gcc-8.3.0/gcc/testsuite/gcc.misc-tests/gcov.exp ...
Running /sources/gcc-8.3.0/gcc/testsuite/gcc.misc-tests/godump.exp ...
Running /sources/gcc-8.3.0/gcc/testsuite/gcc.misc-tests/help.exp ...
Running /sources/gcc-8.3.0/gcc/testsuite/gcc.misc-tests/i386-prefetch.exp ...
Running /sources/gcc-8.3.0/gcc/testsuite/gcc.misc-tests/linkage.exp ...
Running /sources/gcc-8.3.0/gcc/testsuite/gcc.misc-tests/matrix1.exp ...
Running /sources/gcc-8.3.0/gcc/testsuite/gcc.misc-tests/mg-2.exp ...
Running /sources/gcc-8.3.0/gcc/testsuite/gcc.misc-tests/mg.exp ...
Running /sources/gcc-8.3.0/gcc/testsuite/gcc.misc-tests/options.exp ...
Running /sources/gcc-8.3.0/gcc/testsuite/gcc.misc-tests/output.exp ...
Running /sources/gcc-8.3.0/gcc/testsuite/gcc.misc-tests/sieve.exp ...
Running /sources/gcc-8.3.0/gcc/testsuite/gcc.misc-tests/sort2.exp ...
Running /sources/gcc-8.3.0/gcc/testsuite/gcc.target/aarch64/aapcs64/aapcs64.exp ...
Running /sources/gcc-8.3.0/gcc/testsuite/gcc.target/aarch64/aarch64.exp ...
Running /sources/gcc-8.3.0/gcc/testsuite/gcc.target/aarch64/acle/acle.exp ...
Running /sources/gcc-8.3.0/gcc/testsuite/gcc.target/aarch64/advsimd-intrinsics/advsimd-intrinsics.exp ...
Running /sources/gcc-8.3.0/gcc/testsuite/gcc.target/aarch64/fp16/fp16.exp ...
Running /sources/gcc-8.3.0/gcc/testsuite/gcc.target/aarch64/simd/simd.exp ...
Running /sources/gcc-8.3.0/gcc/testsuite/gcc.target/aarch64/sve/aarch64-sve.exp ...
Running /sources/gcc-8.3.0/gcc/testsuite/gcc.target/alpha/alpha.exp ...
Running /sources/gcc-8.3.0/gcc/testsuite/gcc.target/arc/arc.exp ...
Running /sources/gcc-8.3.0/gcc/testsuite/gcc.target/arm/aapcs/aapcs.exp ...
Running /sources/gcc-8.3.0/gcc/testsuite/gcc.target/arm/acle/acle.exp ...
Running /sources/gcc-8.3.0/gcc/testsuite/gcc.target/arm/arm.exp ...
Running /sources/gcc-8.3.0/gcc/testsuite/gcc.target/arm/cmse/cmse.exp ...
Running /sources/gcc-8.3.0/gcc/testsuite/gcc.target/arm/lto/lto.exp ...
Running /sources/gcc-8.3.0/gcc/testsuite/gcc.target/arm/multilib.exp ...
Running /sources/gcc-8.3.0/gcc/testsuite/gcc.target/arm/pure-code/pure-code.exp ...
Running /sources/gcc-8.3.0/gcc/testsuite/gcc.target/arm/simd/simd.exp ...
Running /sources/gcc-8.3.0/gcc/testsuite/gcc.target/avr/avr.exp ...
Running /sources/gcc-8.3.0/gcc/testsuite/gcc.target/avr/mmcu/avr-mmcu.exp ...
Running /sources/gcc-8.3.0/gcc/testsuite/gcc.target/avr/torture/avr-torture.exp ...
Running /sources/gcc-8.3.0/gcc/testsuite/gcc.target/bfin/bfin.exp ...
Running /sources/gcc-8.3.0/gcc/testsuite/gcc.target/bfin/builtins/bfin-builtins.exp ...
Running /sources/gcc-8.3.0/gcc/testsuite/gcc.target/cris/cris.exp ...
Running /sources/gcc-8.3.0/gcc/testsuite/gcc.target/cris/torture/cris-torture.exp ...
Running /sources/gcc-8.3.0/gcc/testsuite/gcc.target/epiphany/epiphany.exp ...
Running /sources/gcc-8.3.0/gcc/testsuite/gcc.target/frv/frv.exp ...
Running /sources/gcc-8.3.0/gcc/testsuite/gcc.target/h8300/h8300.exp ...
Running /sources/gcc-8.3.0/gcc/testsuite/gcc.target/hppa/hppa.exp ...
Running /sources/gcc-8.3.0/gcc/testsuite/gcc.target/i386/i386.exp ...
Running /sources/gcc-8.3.0/gcc/testsuite/gcc.target/i386/iamcu/abi-iamcu.exp ...
Running /sources/gcc-8.3.0/gcc/testsuite/gcc.target/i386/math-torture/math-torture.exp ...
Running /sources/gcc-8.3.0/gcc/testsuite/gcc.target/i386/mpx/mpx.exp ...
Running /sources/gcc-8.3.0/gcc/testsuite/gcc.target/i386/stackalign/stackalign.exp ...
Running /sources/gcc-8.3.0/gcc/testsuite/gcc.target/ia64/ia64.exp ...
Running /sources/gcc-8.3.0/gcc/testsuite/gcc.target/m68k/m68k.exp ...
Running /sources/gcc-8.3.0/gcc/testsuite/gcc.target/microblaze/microblaze.exp ...
Running /sources/gcc-8.3.0/gcc/testsuite/gcc.target/mips/inter/mips16-inter.exp ...
Running /sources/gcc-8.3.0/gcc/testsuite/gcc.target/mips/mips-nonpic/mips-nonpic.exp ...
Running /sources/gcc-8.3.0/gcc/testsuite/gcc.target/mips/mips.exp ...
Running /sources/gcc-8.3.0/gcc/testsuite/gcc.target/msp430/msp430.exp ...
Running /sources/gcc-8.3.0/gcc/testsuite/gcc.target/nds32/nds32.exp ...
Running /sources/gcc-8.3.0/gcc/testsuite/gcc.target/nios2/nios2.exp ...
Running /sources/gcc-8.3.0/gcc/testsuite/gcc.target/nvptx/nvptx.exp ...
Running /sources/gcc-8.3.0/gcc/testsuite/gcc.target/powerpc/bfp/bfp.exp ...
Running /sources/gcc-8.3.0/gcc/testsuite/gcc.target/powerpc/dfp/dfp.exp ...
Running /sources/gcc-8.3.0/gcc/testsuite/gcc.target/powerpc/powerpc.exp ...
FAIL: gcc.target/powerpc/altivec-1-runnable.c (test for excess errors)
FAIL: gcc.target/powerpc/builtins-2.c execution test
FAIL: gcc.target/powerpc/fold-vec-neg-int.c (test for excess errors)
FAIL: gcc.target/powerpc/vec-cmpne.c execution test
FAIL: gcc.target/powerpc/vec-mul.c execution test
FAIL: gcc.target/powerpc/vsx-7-be.c scan-assembler-times vupkhpx 1
FAIL: gcc.target/powerpc/vsx-vector-5.c execution test
Running /sources/gcc-8.3.0/gcc/testsuite/gcc.target/powerpc/ppc-fortran/ppc-fortran.exp ...
Running /sources/gcc-8.3.0/gcc/testsuite/gcc.target/powerpc/vsu/vsu.exp ...
Running /sources/gcc-8.3.0/gcc/testsuite/gcc.target/riscv/riscv.exp ...
Running /sources/gcc-8.3.0/gcc/testsuite/gcc.target/rl78/rl78.exp ...
Running /sources/gcc-8.3.0/gcc/testsuite/gcc.target/rx/rx.exp ...
Running /sources/gcc-8.3.0/gcc/testsuite/gcc.target/s390/s390.exp ...
Running /sources/gcc-8.3.0/gcc/testsuite/gcc.target/sh/sh.exp ...
Running /sources/gcc-8.3.0/gcc/testsuite/gcc.target/sh/torture/sh-torture.exp ...
Running /sources/gcc-8.3.0/gcc/testsuite/gcc.target/sparc/sparc.exp ...
Running /sources/gcc-8.3.0/gcc/testsuite/gcc.target/spu/ea/ea.exp ...
Running /sources/gcc-8.3.0/gcc/testsuite/gcc.target/spu/spu.exp ...
Running /sources/gcc-8.3.0/gcc/testsuite/gcc.target/tic6x/builtins/c6x-builtins.exp ...
Running /sources/gcc-8.3.0/gcc/testsuite/gcc.target/tic6x/tic6x.exp ...
Running /sources/gcc-8.3.0/gcc/testsuite/gcc.target/vax/vax.exp ...
Running /sources/gcc-8.3.0/gcc/testsuite/gcc.target/visium/visium.exp ...
Running /sources/gcc-8.3.0/gcc/testsuite/gcc.target/x86_64/abi/abi-x86_64.exp ...
Running /sources/gcc-8.3.0/gcc/testsuite/gcc.target/x86_64/abi/avx/abi-avx.exp ...
Running /sources/gcc-8.3.0/gcc/testsuite/gcc.target/x86_64/abi/avx512f/abi-avx512f.exp ...
Running /sources/gcc-8.3.0/gcc/testsuite/gcc.target/x86_64/abi/callabi/callabi.exp ...
Running /sources/gcc-8.3.0/gcc/testsuite/gcc.target/x86_64/abi/ms-sysv/ms-sysv.exp ...
Running /sources/gcc-8.3.0/gcc/testsuite/gcc.target/xstormy16/xstormy16.exp ...
Running /sources/gcc-8.3.0/gcc/testsuite/gcc.test-framework/test-framework.exp ...
skipping test framework tests, CHECK_TEST_FRAMEWORK is not defined

		=== gcc Summary ===

# of expected passes		117988
# of unexpected failures	135
# of unexpected successes	3
# of expected failures		419
# of unsupported tests		3127
/sources/gcc-build/gcc/xgcc  version 8.3.0 (GCC) 

make[5]: Leaving directory '/sources/gcc-build/gcc'
rm -rf testsuite/g++-parallel
make[5]: Entering directory '/sources/gcc-build/gcc'
(rootme=`${PWDCMD-pwd}`; export rootme; \
srcdir=`cd ../../gcc-8.3.0/gcc; ${PWDCMD-pwd}` ; export srcdir ; \
if [ -n "" ] \
   && [ -n "$GCC_RUNTEST_PARALLELIZE_DIR" ] \
   && [ -f testsuite/g++-parallel/finished ]; then \
  rm -rf testsuite/g++; \
else \
  cd testsuite/g++; \
  rm -f tmp-site.exp; \
  sed '/set tmpdir/ s|testsuite$|testsuite/g++|' \
	< ../../site.exp > tmp-site.exp; \
  /bin/sh ${srcdir}/../move-if-change tmp-site.exp site.exp; \
  EXPECT=`if [ -f ${rootme}/../expect/expect ] ; then echo ${rootme}/../expect/expect ; else echo expect ; fi` ; export EXPECT ; \
  if [ -f ${rootme}/../expect/expect ] ; then  \
    TCL_LIBRARY=`cd .. ; cd ${srcdir}/../tcl/library ; ${PWDCMD-pwd}` ; \
    export TCL_LIBRARY ; \
  fi ; \
  `if [ -f ${srcdir}/../dejagnu/runtest ] ; then echo ${srcdir}/../dejagnu/runtest ; else echo runtest; fi` --tool g++ ; \
  if [ -n "$GCC_RUNTEST_PARALLELIZE_DIR" ] ; then \
    touch ${rootme}/testsuite/g++-parallel/finished; \
  fi ; \
fi )
WARNING: Couldn't find the global config file.
Using /sources/gcc-8.3.0/gcc/testsuite/lib/g++.exp as tool init file.
Test run by root on Tue Mar 12 03:50:41 2019
Native configuration is powerpc64-unknown-linux-gnu

		=== g++ tests ===

Schedule of variations:
    unix

Running target unix
Using /tools/share/dejagnu/baseboards/unix.exp as board description file for target.
Using /tools/share/dejagnu/config/unix.exp as generic interface file for target.
Using /sources/gcc-8.3.0/gcc/testsuite/config/default.exp as tool-and-target-specific interface file.
Running /sources/gcc-8.3.0/gcc/testsuite/g++.dg/asan/asan.exp ...
Running /sources/gcc-8.3.0/gcc/testsuite/g++.dg/bprob/bprob.exp ...
Running /sources/gcc-8.3.0/gcc/testsuite/g++.dg/charset/charset.exp ...
Running /sources/gcc-8.3.0/gcc/testsuite/g++.dg/compat/compat.exp ...
Running /sources/gcc-8.3.0/gcc/testsuite/g++.dg/compat/struct-layout-1.exp ...
Running /sources/gcc-8.3.0/gcc/testsuite/g++.dg/debug/debug.exp ...
Running /sources/gcc-8.3.0/gcc/testsuite/g++.dg/debug/dwarf2/dwarf2.exp ...
Running /sources/gcc-8.3.0/gcc/testsuite/g++.dg/dfp/dfp.exp ...
Running /sources/gcc-8.3.0/gcc/testsuite/g++.dg/dg.exp ...
FAIL: g++.dg/pr83239.C  -std=gnu++98 (test for excess errors)
Running /sources/gcc-8.3.0/gcc/testsuite/g++.dg/gcov/gcov.exp ...
Running /sources/gcc-8.3.0/gcc/testsuite/g++.dg/goacc-gomp/goacc-gomp.exp ...
Running /sources/gcc-8.3.0/gcc/testsuite/g++.dg/goacc/goacc.exp ...
Running /sources/gcc-8.3.0/gcc/testsuite/g++.dg/gomp/gomp.exp ...
Running /sources/gcc-8.3.0/gcc/testsuite/g++.dg/graphite/graphite.exp ...
Running /sources/gcc-8.3.0/gcc/testsuite/g++.dg/guality/guality.exp ...
Running /sources/gcc-8.3.0/gcc/testsuite/g++.dg/lto/lto.exp ...
Running /sources/gcc-8.3.0/gcc/testsuite/g++.dg/pch/pch.exp ...
Running /sources/gcc-8.3.0/gcc/testsuite/g++.dg/plugin/plugin.exp ...
Running /sources/gcc-8.3.0/gcc/testsuite/g++.dg/simulate-thread/simulate-thread.exp ...
Running /sources/gcc-8.3.0/gcc/testsuite/g++.dg/special/ecos.exp ...
Running /sources/gcc-8.3.0/gcc/testsuite/g++.dg/tls/tls.exp ...
Running /sources/gcc-8.3.0/gcc/testsuite/g++.dg/tm/tm.exp ...
Running /sources/gcc-8.3.0/gcc/testsuite/g++.dg/torture/dg-torture.exp ...
Running /sources/gcc-8.3.0/gcc/testsuite/g++.dg/torture/stackalign/stackalign.exp ...
Running /sources/gcc-8.3.0/gcc/testsuite/g++.dg/tree-prof/tree-prof.exp ...
Running /sources/gcc-8.3.0/gcc/testsuite/g++.dg/tsan/tsan.exp ...
Running /sources/gcc-8.3.0/gcc/testsuite/g++.dg/ubsan/ubsan.exp ...
Running /sources/gcc-8.3.0/gcc/testsuite/g++.dg/vect/vect.exp ...
Running /sources/gcc-8.3.0/gcc/testsuite/g++.old-deja/old-deja.exp ...
Running /sources/gcc-8.3.0/gcc/testsuite/g++.target/aarch64/sve/aarch64-sve.exp ...
Running /sources/gcc-8.3.0/gcc/testsuite/g++.target/arm/arm.exp ...

		=== g++ Summary ===

# of expected passes		124676
# of unexpected failures	1
# of expected failures		510
# of unsupported tests		5433
/sources/gcc-build/gcc/xg++  version 8.3.0 (GCC) 

make[5]: Leaving directory '/sources/gcc-build/gcc'
make[4]: Leaving directory '/sources/gcc-build/gcc'
make[4]: Entering directory '/sources/gcc-build/intl'
make[4]: Nothing to be done for 'check'.
make[4]: Leaving directory '/sources/gcc-build/intl'
make[4]: Entering directory '/sources/gcc-build/libbacktrace'
true  DO=all multi-do # make
make  btest stest ztest edtest ttest ctestg ctesta
make[5]: Entering directory '/sources/gcc-build/libbacktrace'
gcc -isystem /usr/include -DHAVE_CONFIG_H -I. -I../../gcc-8.3.0/libbacktrace  -I ../../gcc-8.3.0/libbacktrace/../include -I ../../gcc-8.3.0/libbacktrace/../libgcc -I ../libgcc  -funwind-tables -frandom-seed=btest-btest.o -W -Wall -Wwrite-strings -Wstrict-prototypes -Wmissing-prototypes -Wold-style-definition -Wmissing-format-attribute -Wcast-qual  -g -O -g -O2 -c -o btest-btest.o `test -f 'btest.c' || echo '../../gcc-8.3.0/libbacktrace/'`btest.c
gcc -isystem /usr/include -DHAVE_CONFIG_H -I. -I../../gcc-8.3.0/libbacktrace  -I ../../gcc-8.3.0/libbacktrace/../include -I ../../gcc-8.3.0/libbacktrace/../libgcc -I ../libgcc  -funwind-tables -frandom-seed=btest-testlib.o -W -Wall -Wwrite-strings -Wstrict-prototypes -Wmissing-prototypes -Wold-style-definition -Wmissing-format-attribute -Wcast-qual  -g -O -g -O2 -c -o btest-testlib.o `test -f 'testlib.c' || echo '../../gcc-8.3.0/libbacktrace/'`testlib.c
/bin/sh ./libtool --tag=CC   --mode=link gcc -isystem /usr/include -funwind-tables -frandom-seed=btest -W -Wall -Wwrite-strings -Wstrict-prototypes -Wmissing-prototypes -Wold-style-definition -Wmissing-format-attribute -Wcast-qual  -g -O -g -O2  -Wl,-rpath-link,/usr/lib:/lib -o btest btest-btest.o btest-testlib.o libbacktrace.la -lz 
libtool: link: gcc -isystem /usr/include -funwind-tables -frandom-seed=btest -W -Wall -Wwrite-strings -Wstrict-prototypes -Wmissing-prototypes -Wold-style-definition -Wmissing-format-attribute -Wcast-qual -g -O -g -O2 -Wl,-rpath-link -Wl,/usr/lib:/lib -o btest btest-btest.o btest-testlib.o  ./.libs/libbacktrace.a -lz
gcc -isystem /usr/include -DHAVE_CONFIG_H -I. -I../../gcc-8.3.0/libbacktrace  -I ../../gcc-8.3.0/libbacktrace/../include -I ../../gcc-8.3.0/libbacktrace/../libgcc -I ../libgcc  -funwind-tables -frandom-seed=stest.o -W -Wall -Wwrite-strings -Wstrict-prototypes -Wmissing-prototypes -Wold-style-definition -Wmissing-format-attribute -Wcast-qual  -g -O2 -c ../../gcc-8.3.0/libbacktrace/stest.c
/bin/sh ./libtool --tag=CC   --mode=link gcc -isystem /usr/include -funwind-tables -frandom-seed=stest -W -Wall -Wwrite-strings -Wstrict-prototypes -Wmissing-prototypes -Wold-style-definition -Wmissing-format-attribute -Wcast-qual  -g -O2  -Wl,-rpath-link,/usr/lib:/lib -o stest stest.o libbacktrace.la -lz 
libtool: link: gcc -isystem /usr/include -funwind-tables -frandom-seed=stest -W -Wall -Wwrite-strings -Wstrict-prototypes -Wmissing-prototypes -Wold-style-definition -Wmissing-format-attribute -Wcast-qual -g -O2 -Wl,-rpath-link -Wl,/usr/lib:/lib -o stest stest.o  ./.libs/libbacktrace.a -lz
gcc -isystem /usr/include -DHAVE_CONFIG_H -I. -I../../gcc-8.3.0/libbacktrace  -I ../../gcc-8.3.0/libbacktrace/../include -I ../../gcc-8.3.0/libbacktrace/../libgcc -I ../libgcc  -DSRCDIR=\"../../gcc-8.3.0/libbacktrace\" -g -O2 -c -o ztest-ztest.o `test -f 'ztest.c' || echo '../../gcc-8.3.0/libbacktrace/'`ztest.c
gcc -isystem /usr/include -DHAVE_CONFIG_H -I. -I../../gcc-8.3.0/libbacktrace  -I ../../gcc-8.3.0/libbacktrace/../include -I ../../gcc-8.3.0/libbacktrace/../libgcc -I ../libgcc  -DSRCDIR=\"../../gcc-8.3.0/libbacktrace\" -g -O2 -c -o ztest-testlib.o `test -f 'testlib.c' || echo '../../gcc-8.3.0/libbacktrace/'`testlib.c
/bin/sh ./libtool --tag=CC   --mode=link gcc -isystem /usr/include -DSRCDIR=\"../../gcc-8.3.0/libbacktrace\" -g -O2  -Wl,-rpath-link,/usr/lib:/lib -o ztest ztest-ztest.o ztest-testlib.o libbacktrace.la -lz  -lz 
libtool: link: gcc -isystem /usr/include -DSRCDIR=\"../../gcc-8.3.0/libbacktrace\" -g -O2 -Wl,-rpath-link -Wl,/usr/lib:/lib -o ztest ztest-ztest.o ztest-testlib.o  ./.libs/libbacktrace.a -lz
gcc -isystem /usr/include -DHAVE_CONFIG_H -I. -I../../gcc-8.3.0/libbacktrace  -I ../../gcc-8.3.0/libbacktrace/../include -I ../../gcc-8.3.0/libbacktrace/../libgcc -I ../libgcc  -funwind-tables -frandom-seed=edtest.o -W -Wall -Wwrite-strings -Wstrict-prototypes -Wmissing-prototypes -Wold-style-definition -Wmissing-format-attribute -Wcast-qual  -g -O2 -c ../../gcc-8.3.0/libbacktrace/edtest.c
cat ../../gcc-8.3.0/libbacktrace/edtest2.c > tmp-edtest2_build.c
/bin/sh ../../gcc-8.3.0/libbacktrace/../move-if-change tmp-edtest2_build.c edtest2_build.c
echo timestamp > gen_edtest2_build
gcc -isystem /usr/include -DHAVE_CONFIG_H -I. -I../../gcc-8.3.0/libbacktrace  -I ../../gcc-8.3.0/libbacktrace/../include -I ../../gcc-8.3.0/libbacktrace/../libgcc -I ../libgcc  -funwind-tables -frandom-seed=edtest2_build.o -W -Wall -Wwrite-strings -Wstrict-prototypes -Wmissing-prototypes -Wold-style-definition -Wmissing-format-attribute -Wcast-qual  -g -O2 -c edtest2_build.c
gcc -isystem /usr/include -DHAVE_CONFIG_H -I. -I../../gcc-8.3.0/libbacktrace  -I ../../gcc-8.3.0/libbacktrace/../include -I ../../gcc-8.3.0/libbacktrace/../libgcc -I ../libgcc  -funwind-tables -frandom-seed=testlib.o -W -Wall -Wwrite-strings -Wstrict-prototypes -Wmissing-prototypes -Wold-style-definition -Wmissing-format-attribute -Wcast-qual  -g -O2 -c ../../gcc-8.3.0/libbacktrace/testlib.c
/bin/sh ./libtool --tag=CC   --mode=link gcc -isystem /usr/include -funwind-tables -frandom-seed=edtest -W -Wall -Wwrite-strings -Wstrict-prototypes -Wmissing-prototypes -Wold-style-definition -Wmissing-format-attribute -Wcast-qual  -g -O2  -Wl,-rpath-link,/usr/lib:/lib -o edtest edtest.o edtest2_build.o testlib.o libbacktrace.la -lz 
libtool: link: gcc -isystem /usr/include -funwind-tables -frandom-seed=edtest -W -Wall -Wwrite-strings -Wstrict-prototypes -Wmissing-prototypes -Wold-style-definition -Wmissing-format-attribute -Wcast-qual -g -O2 -Wl,-rpath-link -Wl,/usr/lib:/lib -o edtest edtest.o edtest2_build.o testlib.o  ./.libs/libbacktrace.a -lz
gcc -isystem /usr/include -DHAVE_CONFIG_H -I. -I../../gcc-8.3.0/libbacktrace  -I ../../gcc-8.3.0/libbacktrace/../include -I ../../gcc-8.3.0/libbacktrace/../libgcc -I ../libgcc  -funwind-tables -frandom-seed=ttest-ttest.o -W -Wall -Wwrite-strings -Wstrict-prototypes -Wmissing-prototypes -Wold-style-definition -Wmissing-format-attribute -Wcast-qual  -pthread -g -O2 -c -o ttest-ttest.o `test -f 'ttest.c' || echo '../../gcc-8.3.0/libbacktrace/'`ttest.c
gcc -isystem /usr/include -DHAVE_CONFIG_H -I. -I../../gcc-8.3.0/libbacktrace  -I ../../gcc-8.3.0/libbacktrace/../include -I ../../gcc-8.3.0/libbacktrace/../libgcc -I ../libgcc  -funwind-tables -frandom-seed=ttest-testlib.o -W -Wall -Wwrite-strings -Wstrict-prototypes -Wmissing-prototypes -Wold-style-definition -Wmissing-format-attribute -Wcast-qual  -pthread -g -O2 -c -o ttest-testlib.o `test -f 'testlib.c' || echo '../../gcc-8.3.0/libbacktrace/'`testlib.c
/bin/sh ./libtool --tag=CC   --mode=link gcc -isystem /usr/include -funwind-tables -frandom-seed=ttest -W -Wall -Wwrite-strings -Wstrict-prototypes -Wmissing-prototypes -Wold-style-definition -Wmissing-format-attribute -Wcast-qual  -pthread -g -O2  -Wl,-rpath-link,/usr/lib:/lib -o ttest ttest-ttest.o ttest-testlib.o libbacktrace.la -lz 
libtool: link: gcc -isystem /usr/include -funwind-tables -frandom-seed=ttest -W -Wall -Wwrite-strings -Wstrict-prototypes -Wmissing-prototypes -Wold-style-definition -Wmissing-format-attribute -Wcast-qual -pthread -g -O2 -Wl,-rpath-link -Wl,/usr/lib:/lib -o ttest ttest-ttest.o ttest-testlib.o  ./.libs/libbacktrace.a -lz -pthread
gcc -isystem /usr/include -DHAVE_CONFIG_H -I. -I../../gcc-8.3.0/libbacktrace  -I ../../gcc-8.3.0/libbacktrace/../include -I ../../gcc-8.3.0/libbacktrace/../libgcc -I ../libgcc  -funwind-tables -frandom-seed=ctestg-btest.o -W -Wall -Wwrite-strings -Wstrict-prototypes -Wmissing-prototypes -Wold-style-definition -Wmissing-format-attribute -Wcast-qual  -g -g -O2 -c -o ctestg-btest.o `test -f 'btest.c' || echo '../../gcc-8.3.0/libbacktrace/'`btest.c
gcc -isystem /usr/include -DHAVE_CONFIG_H -I. -I../../gcc-8.3.0/libbacktrace  -I ../../gcc-8.3.0/libbacktrace/../include -I ../../gcc-8.3.0/libbacktrace/../libgcc -I ../libgcc  -funwind-tables -frandom-seed=ctestg-testlib.o -W -Wall -Wwrite-strings -Wstrict-prototypes -Wmissing-prototypes -Wold-style-definition -Wmissing-format-attribute -Wcast-qual  -g -g -O2 -c -o ctestg-testlib.o `test -f 'testlib.c' || echo '../../gcc-8.3.0/libbacktrace/'`testlib.c
/bin/sh ./libtool --tag=CC   --mode=link gcc -isystem /usr/include -funwind-tables -frandom-seed=ctestg -W -Wall -Wwrite-strings -Wstrict-prototypes -Wmissing-prototypes -Wold-style-definition -Wmissing-format-attribute -Wcast-qual  -g -g -O2 -Wl,--compress-debug-sections=zlib-gnu -Wl,-rpath-link,/usr/lib:/lib -o ctestg ctestg-btest.o ctestg-testlib.o libbacktrace.la -lz 
libtool: link: gcc -isystem /usr/include -funwind-tables -frandom-seed=ctestg -W -Wall -Wwrite-strings -Wstrict-prototypes -Wmissing-prototypes -Wold-style-definition -Wmissing-format-attribute -Wcast-qual -g -g -O2 -Wl,--compress-debug-sections=zlib-gnu -Wl,-rpath-link -Wl,/usr/lib:/lib -o ctestg ctestg-btest.o ctestg-testlib.o  ./.libs/libbacktrace.a -lz
gcc -isystem /usr/include -DHAVE_CONFIG_H -I. -I../../gcc-8.3.0/libbacktrace  -I ../../gcc-8.3.0/libbacktrace/../include -I ../../gcc-8.3.0/libbacktrace/../libgcc -I ../libgcc  -funwind-tables -frandom-seed=ctesta-btest.o -W -Wall -Wwrite-strings -Wstrict-prototypes -Wmissing-prototypes -Wold-style-definition -Wmissing-format-attribute -Wcast-qual  -g -g -O2 -c -o ctesta-btest.o `test -f 'btest.c' || echo '../../gcc-8.3.0/libbacktrace/'`btest.c
gcc -isystem /usr/include -DHAVE_CONFIG_H -I. -I../../gcc-8.3.0/libbacktrace  -I ../../gcc-8.3.0/libbacktrace/../include -I ../../gcc-8.3.0/libbacktrace/../libgcc -I ../libgcc  -funwind-tables -frandom-seed=ctesta-testlib.o -W -Wall -Wwrite-strings -Wstrict-prototypes -Wmissing-prototypes -Wold-style-definition -Wmissing-format-attribute -Wcast-qual  -g -g -O2 -c -o ctesta-testlib.o `test -f 'testlib.c' || echo '../../gcc-8.3.0/libbacktrace/'`testlib.c
/bin/sh ./libtool --tag=CC   --mode=link gcc -isystem /usr/include -funwind-tables -frandom-seed=ctesta -W -Wall -Wwrite-strings -Wstrict-prototypes -Wmissing-prototypes -Wold-style-definition -Wmissing-format-attribute -Wcast-qual  -g -g -O2 -Wl,--compress-debug-sections=zlib-gabi -Wl,-rpath-link,/usr/lib:/lib -o ctesta ctesta-btest.o ctesta-testlib.o libbacktrace.la -lz 
libtool: link: gcc -isystem /usr/include -funwind-tables -frandom-seed=ctesta -W -Wall -Wwrite-strings -Wstrict-prototypes -Wmissing-prototypes -Wold-style-definition -Wmissing-format-attribute -Wcast-qual -g -g -O2 -Wl,--compress-debug-sections=zlib-gabi -Wl,-rpath-link -Wl,/usr/lib:/lib -o ctesta ctesta-btest.o ctesta-testlib.o  ./.libs/libbacktrace.a -lz
make[5]: Leaving directory '/sources/gcc-build/libbacktrace'
make  check-TESTS
make[5]: Entering directory '/sources/gcc-build/libbacktrace'
PASS: backtrace_full noinline
PASS: backtrace_full inline
PASS: backtrace_simple noinline
PASS: backtrace_simple inline
PASS: backtrace_syminfo variable
PASS: btest
PASS: stest
PASS: inflate empty
PASS: inflate hello
PASS: inflate goodbye
PASS: inflate ranges
PASS: inflate large
backtrace: 4313428 ns
zlib     : 3386427 ns
ratio    : 0.785089
PASS: ztest
PASS: backtrace_full alloc stress
PASS: edtest
PASS: threaded backtrace_full noinline
PASS: ttest
PASS: backtrace_full noinline
PASS: backtrace_full inline
PASS: backtrace_simple noinline
PASS: backtrace_simple inline
PASS: backtrace_syminfo variable
PASS: ctestg
PASS: backtrace_full noinline
PASS: backtrace_full inline
PASS: backtrace_simple noinline
PASS: backtrace_simple inline
PASS: backtrace_syminfo variable
PASS: ctesta
==================
All 7 tests passed
==================
make[5]: Leaving directory '/sources/gcc-build/libbacktrace'
make[4]: Leaving directory '/sources/gcc-build/libbacktrace'
make[4]: Entering directory '/sources/gcc-build/libcpp'
make[4]: Nothing to be done for 'check'.
make[4]: Leaving directory '/sources/gcc-build/libcpp'
make[4]: Entering directory '/sources/gcc-build/libdecnumber'
make[4]: Nothing to be done for 'check'.
make[4]: Leaving directory '/sources/gcc-build/libdecnumber'
make[4]: Entering directory '/sources/gcc-build/libiberty'
make[5]: Entering directory '/sources/gcc-build/libiberty/testsuite'
gcc -isystem /usr/include -DHAVE_CONFIG_H -g -O2 -Wl,-rpath-link,/usr/lib:/lib -I.. -I../../../gcc-8.3.0/libiberty/testsuite/../../include  -o test-demangle \
	../../../gcc-8.3.0/libiberty/testsuite/test-demangle.c ../libiberty.a
./test-demangle < ../../../gcc-8.3.0/libiberty/testsuite/demangle-expected
./test-demangle: 995 tests, 0 failures
./test-demangle < ../../../gcc-8.3.0/libiberty/testsuite/d-demangle-expected
./test-demangle: 323 tests, 0 failures
./test-demangle < ../../../gcc-8.3.0/libiberty/testsuite/rust-demangle-expected
./test-demangle: 36 tests, 0 failures
gcc -isystem /usr/include -DHAVE_CONFIG_H -g -O2 -Wl,-rpath-link,/usr/lib:/lib -I.. -I../../../gcc-8.3.0/libiberty/testsuite/../../include  -DHAVE_CONFIG_H -I.. -o test-pexecute \
	../../../gcc-8.3.0/libiberty/testsuite/test-pexecute.c ../libiberty.a
./test-pexecute
gcc -isystem /usr/include -DHAVE_CONFIG_H -g -O2 -Wl,-rpath-link,/usr/lib:/lib -I.. -I../../../gcc-8.3.0/libiberty/testsuite/../../include  -DHAVE_CONFIG_H -I.. -o test-expandargv \
	../../../gcc-8.3.0/libiberty/testsuite/test-expandargv.c ../libiberty.a
./test-expandargv
PASS: test-expandargv-0.
PASS: test-expandargv-1.
PASS: test-expandargv-2.
PASS: test-expandargv-3.
PASS: test-expandargv-4.
PASS: test-expandargv-5.
PASS: test-expandargv-6.
gcc -isystem /usr/include -DHAVE_CONFIG_H -g -O2 -Wl,-rpath-link,/usr/lib:/lib -I.. -I../../../gcc-8.3.0/libiberty/testsuite/../../include  -DHAVE_CONFIG_H -I.. -o test-strtol \
	../../../gcc-8.3.0/libiberty/testsuite/test-strtol.c ../libiberty.a
./test-strtol
PASS: test-strtol-0.
PASS: test-strtol-1.
PASS: test-strtol-2.
PASS: test-strtol-3.
PASS: test-strtol-4.
PASS: test-strtol-5.
PASS: test-strtol-6.
PASS: test-strtol-7.
PASS: test-strtol-8.
PASS: test-strtol-9.
PASS: test-strtol-10.
PASS: test-strtol-11.
PASS: test-strtol-12.
PASS: test-strtol-13.
PASS: test-strtol-14.
PASS: test-strtol-15.
PASS: test-strtol-16.
PASS: test-strtol-17.
PASS: test-strtol-18.
PASS: test-strtol-19.
PASS: test-strtol-20.
make[5]: Leaving directory '/sources/gcc-build/libiberty/testsuite'
make[4]: Leaving directory '/sources/gcc-build/libiberty'
make[4]: Entering directory '/sources/gcc-build/lto-plugin'
make[4]: Leaving directory '/sources/gcc-build/lto-plugin'
make[4]: Entering directory '/sources/gcc-build/libcc1'
make[4]: Leaving directory '/sources/gcc-build/libcc1'
make[3]: Target 'check-host' not remade because of errors.
make[4]: Entering directory '/sources/gcc-build/powerpc64-unknown-linux-gnu/libstdc++-v3'
Making check in include
make[5]: Entering directory '/sources/gcc-build/powerpc64-unknown-linux-gnu/libstdc++-v3/include'
make[5]: Nothing to be done for 'check'.
make[5]: Leaving directory '/sources/gcc-build/powerpc64-unknown-linux-gnu/libstdc++-v3/include'
Making check in libsupc++
make[5]: Entering directory '/sources/gcc-build/powerpc64-unknown-linux-gnu/libstdc++-v3/libsupc++'
make[5]: Nothing to be done for 'check'.
make[5]: Leaving directory '/sources/gcc-build/powerpc64-unknown-linux-gnu/libstdc++-v3/libsupc++'
Making check in src
make[5]: Entering directory '/sources/gcc-build/powerpc64-unknown-linux-gnu/libstdc++-v3/src'
Making check in c++98
make[6]: Entering directory '/sources/gcc-build/powerpc64-unknown-linux-gnu/libstdc++-v3/src/c++98'
make[6]: Nothing to be done for 'check'.
make[6]: Leaving directory '/sources/gcc-build/powerpc64-unknown-linux-gnu/libstdc++-v3/src/c++98'
Making check in c++11
make[6]: Entering directory '/sources/gcc-build/powerpc64-unknown-linux-gnu/libstdc++-v3/src/c++11'
make[6]: Nothing to be done for 'check'.
make[6]: Leaving directory '/sources/gcc-build/powerpc64-unknown-linux-gnu/libstdc++-v3/src/c++11'
Making check in filesystem
make[6]: Entering directory '/sources/gcc-build/powerpc64-unknown-linux-gnu/libstdc++-v3/src/filesystem'
make[6]: Nothing to be done for 'check'.
make[6]: Leaving directory '/sources/gcc-build/powerpc64-unknown-linux-gnu/libstdc++-v3/src/filesystem'
make[6]: Entering directory '/sources/gcc-build/powerpc64-unknown-linux-gnu/libstdc++-v3/src'
make[6]: Nothing to be done for 'check-am'.
make[6]: Leaving directory '/sources/gcc-build/powerpc64-unknown-linux-gnu/libstdc++-v3/src'
make[5]: Leaving directory '/sources/gcc-build/powerpc64-unknown-linux-gnu/libstdc++-v3/src'
Making check in doc
make[5]: Entering directory '/sources/gcc-build/powerpc64-unknown-linux-gnu/libstdc++-v3/doc'
make[5]: Nothing to be done for 'check'.
make[5]: Leaving directory '/sources/gcc-build/powerpc64-unknown-linux-gnu/libstdc++-v3/doc'
Making check in po
make[5]: Entering directory '/sources/gcc-build/powerpc64-unknown-linux-gnu/libstdc++-v3/po'
/bin/sh /sources/gcc-8.3.0/libstdc++-v3/../mkinstalldirs /sources/gcc-build/powerpc64-unknown-linux-gnu/libstdc++-v3/po/share/locale
mkdir -p -- /sources/gcc-build/powerpc64-unknown-linux-gnu/libstdc++-v3/po/share/locale
catalogs='de.mo fr.mo'; \
for cat in $catalogs; do \
  cat=`basename $cat`; \
  lang=`echo $cat | sed 's/\.mo$//'`; \
  install_dir=/sources/gcc-build/powerpc64-unknown-linux-gnu/libstdc++-v3/po/share/locale/$lang/LC_MESSAGES; \
  /bin/sh /sources/gcc-8.3.0/libstdc++-v3/../mkinstalldirs $install_dir; \
  /usr/bin/install -c -m 644 $cat $install_dir/libstdc++.mo; \
done
mkdir -p -- /sources/gcc-build/powerpc64-unknown-linux-gnu/libstdc++-v3/po/share/locale/de/LC_MESSAGES
mkdir -p -- /sources/gcc-build/powerpc64-unknown-linux-gnu/libstdc++-v3/po/share/locale/fr/LC_MESSAGES
make[5]: Leaving directory '/sources/gcc-build/powerpc64-unknown-linux-gnu/libstdc++-v3/po'
Making check in testsuite
make[5]: Entering directory '/sources/gcc-build/powerpc64-unknown-linux-gnu/libstdc++-v3/testsuite'
make  check-DEJAGNU
make[6]: Entering directory '/sources/gcc-build/powerpc64-unknown-linux-gnu/libstdc++-v3/testsuite'
Making a new site.exp file...
AR="ar"; export AR; \
RANLIB="ranlib"; export RANLIB; \
if [ -z "" ] && [ -n "" ]; then \
  rm -rf normal-parallel || true; \
  mkdir normal-parallel; \
  make  check-DEJAGNUnormal1 check-DEJAGNUnormal2 check-DEJAGNUnormal3 check-DEJAGNUnormal4 check-DEJAGNUnormal5 check-DEJAGNUnormal6 check-DEJAGNUnormal7 check-DEJAGNUnormal8 check-DEJAGNUnormal9 check-DEJAGNUnormal10 check-DEJAGNUnormal11 check-DEJAGNUnormal12 check-DEJAGNUnormal13 check-DEJAGNUnormal14 check-DEJAGNUnormal15 check-DEJAGNUnormal16 check-DEJAGNUnormal17 check-DEJAGNUnormal18 check-DEJAGNUnormal19 check-DEJAGNUnormal20 check-DEJAGNUnormal21 check-DEJAGNUnormal22 check-DEJAGNUnormal23 check-DEJAGNUnormal24 check-DEJAGNUnormal25 check-DEJAGNUnormal26 check-DEJAGNUnormal27 check-DEJAGNUnormal28 check-DEJAGNUnormal29 check-DEJAGNUnormal30 check-DEJAGNUnormal31 check-DEJAGNUnormal32 check-DEJAGNUnormal33 check-DEJAGNUnormal34 check-DEJAGNUnormal35 check-DEJAGNUnormal36 check-DEJAGNUnormal37 check-DEJAGNUnormal38 check-DEJAGNUnormal39 check-DEJAGNUnormal40 check-DEJAGNUnormal41 check-DEJAGNUnormal42 check-DEJAGNUnormal43 check-DEJAGNUnormal44 check-DEJAGNUnormal45 check-DEJAGNUnormal46 check-DEJAGNUnormal47 check-DEJAGNUnormal48 check-DEJAGNUnormal49 check-DEJAGNUnormal50 check-DEJAGNUnormal51 check-DEJAGNUnormal52 check-DEJAGNUnormal53 check-DEJAGNUnormal54 check-DEJAGNUnormal55 check-DEJAGNUnormal56 check-DEJAGNUnormal57 check-DEJAGNUnormal58 check-DEJAGNUnormal59 check-DEJAGNUnormal60 check-DEJAGNUnormal61 check-DEJAGNUnormal62 check-DEJAGNUnormal63 check-DEJAGNUnormal64 check-DEJAGNUnormal65 check-DEJAGNUnormal66 check-DEJAGNUnormal67 check-DEJAGNUnormal68 check-DEJAGNUnormal69 check-DEJAGNUnormal70 check-DEJAGNUnormal71 check-DEJAGNUnormal72 check-DEJAGNUnormal73 check-DEJAGNUnormal74 check-DEJAGNUnormal75 check-DEJAGNUnormal76 check-DEJAGNUnormal77 check-DEJAGNUnormal78 check-DEJAGNUnormal79 check-DEJAGNUnormal80 check-DEJAGNUnormal81 check-DEJAGNUnormal82 check-DEJAGNUnormal83 check-DEJAGNUnormal84 check-DEJAGNUnormal85 check-DEJAGNUnormal86 check-DEJAGNUnormal87 check-DEJAGNUnormal88 check-DEJAGNUnormal89 check-DEJAGNUnormal90 check-DEJAGNUnormal91 check-DEJAGNUnormal92 check-DEJAGNUnormal93 check-DEJAGNUnormal94 check-DEJAGNUnormal95 check-DEJAGNUnormal96 check-DEJAGNUnormal97 check-DEJAGNUnormal98 check-DEJAGNUnormal99 check-DEJAGNUnormal100 check-DEJAGNUnormal101 check-DEJAGNUnormal102 check-DEJAGNUnormal103 check-DEJAGNUnormal104 check-DEJAGNUnormal105 check-DEJAGNUnormal106 check-DEJAGNUnormal107 check-DEJAGNUnormal108 check-DEJAGNUnormal109 check-DEJAGNUnormal110 check-DEJAGNUnormal111 check-DEJAGNUnormal112 check-DEJAGNUnormal113 check-DEJAGNUnormal114 check-DEJAGNUnormal115 check-DEJAGNUnormal116 check-DEJAGNUnormal117 check-DEJAGNUnormal118 check-DEJAGNUnormal119 check-DEJAGNUnormal120 check-DEJAGNUnormal121 check-DEJAGNUnormal122 check-DEJAGNUnormal123 check-DEJAGNUnormal124 check-DEJAGNUnormal125 check-DEJAGNUnormal126 check-DEJAGNUnormal127 check-DEJAGNUnormal128; \
  rm -rf normal-parallel || true; \
  for idx in 1 2 3 4 5 6 7 8 9 10 11 12 13 14 15 16 17 18 19 20 21 22 23 24 25 26 27 28 29 30 31 32 33 34 35 36 37 38 39 40 41 42 43 44 45 46 47 48 49 50 51 52 53 54 55 56 57 58 59 60 61 62 63 64 65 66 67 68 69 70 71 72 73 74 75 76 77 78 79 80 81 82 83 84 85 86 87 88 89 90 91 92 93 94 95 96 97 98 99 100 101 102 103 104 105 106 107 108 109 110 111 112 113 114 115 116 117 118 119 120 121 122 123 124 125 126 127 128; do \
    if [ -d normal$idx ]; then \
      mv -f normal$idx/libstdc++.sum normal$idx/libstdc++.sum.sep; \
      mv -f normal$idx/libstdc++.log normal$idx/libstdc++.log.sep; \
    fi; \
  done; \
  /bin/sh ../../../../gcc-8.3.0/libstdc++-v3/testsuite/../../contrib/dg-extract-results.sh \
    normal[0-9]*/libstdc++.sum.sep > libstdc++.sum; \
  /bin/sh ../../../../gcc-8.3.0/libstdc++-v3/testsuite/../../contrib/dg-extract-results.sh -L \
    normal[0-9]*/libstdc++.log.sep > libstdc++.log; \
  exit 0; \
fi; \
srcdir=`CDPATH="${ZSH_VERSION+.}:" && cd ../../../../gcc-8.3.0/libstdc++-v3/testsuite && pwd`; export srcdir; \
EXPECT=expect; export EXPECT; \
runtest=runtest; \
if [ -z "$runtest" ]; then runtest=runtest; fi; \
tool=libstdc++; \
if [ -n "" ]; then \
  if [ -f normal-parallel/finished ]; then rm -rf ""; exit 0; fi; \
  GCC_RUNTEST_PARALLELIZE_DIR=`${PWDCMD-pwd}`/normal-parallel; \
  export GCC_RUNTEST_PARALLELIZE_DIR; \
  cd ""; \
fi; \
if /bin/sh -c "$runtest --version" > /dev/null 2>&1; then \
  $runtest  --tool $tool --srcdir $srcdir \
	    ; \
  if [ -n "" ]; then \
    touch $GCC_RUNTEST_PARALLELIZE_DIR/finished; \
  fi; \
else \
  echo "WARNING: could not find \`runtest'" 1>&2; :;\
fi
WARNING: Couldn't find the global config file.
Using ../../../../gcc-8.3.0/libstdc++-v3/testsuite/lib/libstdc++.exp as tool init file.
Test run by root on Tue Mar 12 06:40:28 2019
Native configuration is powerpc64-unknown-linux-gnu

		=== libstdc++ tests ===

Schedule of variations:
    unix

Running target unix
Using /tools/share/dejagnu/baseboards/unix.exp as board description file for target.
Using /tools/share/dejagnu/config/unix.exp as generic interface file for target.
Using /sources/gcc-8.3.0/libstdc++-v3/testsuite/config/default.exp as tool-and-target-specific interface file.
Running /sources/gcc-8.3.0/libstdc++-v3/testsuite/libstdc++-abi/abi.exp ...
Running /sources/gcc-8.3.0/libstdc++-v3/testsuite/libstdc++-dg/conformance.exp ...
FAIL: 27_io/filesystem/iterators/directory_iterator.cc execution test
FAIL: 27_io/filesystem/iterators/recursive_directory_iterator.cc execution test
FAIL: 27_io/filesystem/operations/exists.cc execution test
FAIL: 27_io/filesystem/operations/is_empty.cc execution test
FAIL: 27_io/filesystem/operations/remove.cc execution test
FAIL: 27_io/filesystem/operations/status.cc execution test
FAIL: 27_io/filesystem/operations/symlink_status.cc execution test
FAIL: 27_io/filesystem/operations/temp_directory_path.cc execution test
FAIL: experimental/filesystem/iterators/directory_iterator.cc execution test
FAIL: experimental/filesystem/iterators/recursive_directory_iterator.cc execution test
FAIL: experimental/filesystem/operations/exists.cc execution test
FAIL: experimental/filesystem/operations/is_empty.cc execution test
FAIL: experimental/filesystem/operations/remove.cc execution test
FAIL: experimental/filesystem/operations/temp_directory_path.cc execution test
Running /sources/gcc-8.3.0/libstdc++-v3/testsuite/libstdc++-prettyprinters/prettyprinters.exp ...
Running /sources/gcc-8.3.0/libstdc++-v3/testsuite/libstdc++-xmethods/xmethods.exp ...

		=== libstdc++ Summary ===

# of expected passes		12254
# of unexpected failures	14
# of expected failures		71
# of unsupported tests		316
make[6]: Leaving directory '/sources/gcc-build/powerpc64-unknown-linux-gnu/libstdc++-v3/testsuite'
make[5]: Leaving directory '/sources/gcc-build/powerpc64-unknown-linux-gnu/libstdc++-v3/testsuite'
Making check in python
make[5]: Entering directory '/sources/gcc-build/powerpc64-unknown-linux-gnu/libstdc++-v3/python'
make[5]: Nothing to be done for 'check'.
make[5]: Leaving directory '/sources/gcc-build/powerpc64-unknown-linux-gnu/libstdc++-v3/python'
make[5]: Entering directory '/sources/gcc-build/powerpc64-unknown-linux-gnu/libstdc++-v3'
true "AR_FLAGS=rc" "CC_FOR_BUILD=gcc -isystem /usr/include" "CC_FOR_TARGET=/sources/gcc-build/./gcc/xgcc -B/sources/gcc-build/./gcc/" "CFLAGS=-g -O2" "CXXFLAGS=-g -O2 -D_GNU_SOURCE" "CFLAGS_FOR_BUILD=-g -O2" "CFLAGS_FOR_TARGET=-g -O2" "INSTALL=/usr/bin/install -c" "INSTALL_DATA=/usr/bin/install -c -m 644" "INSTALL_PROGRAM=/usr/bin/install -c" "INSTALL_SCRIPT=/usr/bin/install -c" "LDFLAGS=" "LIBCFLAGS=-g -O2" "LIBCFLAGS_FOR_TARGET=-g -O2" "MAKE=make" "MAKEINFO=makeinfo --split-size=5000000 --split-size=5000000  " "SHELL=/bin/sh" "RUNTESTFLAGS=" "exec_prefix=/usr" "infodir=/usr/share/info" "libdir=/usr/lib" "includedir=/usr/include" "prefix=/usr" "tooldir=/usr/powerpc64-unknown-linux-gnu" "gxx_include_dir=/usr/include/c++/8.3.0" "AR=ar" "AS=/sources/gcc-build/./gcc/as" "LD=/sources/gcc-build/./gcc/collect-ld" "RANLIB=ranlib" "NM=/sources/gcc-build/./gcc/nm" "NM_FOR_BUILD=" "NM_FOR_TARGET=nm" "DESTDIR=" "WERROR=" DO=all multi-do # make
make[5]: Leaving directory '/sources/gcc-build/powerpc64-unknown-linux-gnu/libstdc++-v3'
make[4]: Leaving directory '/sources/gcc-build/powerpc64-unknown-linux-gnu/libstdc++-v3'
make[4]: Entering directory '/sources/gcc-build/powerpc64-unknown-linux-gnu/libsanitizer'
Making check in sanitizer_common
make[5]: Entering directory '/sources/gcc-build/powerpc64-unknown-linux-gnu/libsanitizer/sanitizer_common'
make[5]: Nothing to be done for 'check'.
make[5]: Leaving directory '/sources/gcc-build/powerpc64-unknown-linux-gnu/libsanitizer/sanitizer_common'
Making check in interception
make[5]: Entering directory '/sources/gcc-build/powerpc64-unknown-linux-gnu/libsanitizer/interception'
make[5]: Nothing to be done for 'check'.
make[5]: Leaving directory '/sources/gcc-build/powerpc64-unknown-linux-gnu/libsanitizer/interception'
Making check in libbacktrace
make[5]: Entering directory '/sources/gcc-build/powerpc64-unknown-linux-gnu/libsanitizer/libbacktrace'
make[5]: Nothing to be done for 'check'.
make[5]: Leaving directory '/sources/gcc-build/powerpc64-unknown-linux-gnu/libsanitizer/libbacktrace'
Making check in lsan
make[5]: Entering directory '/sources/gcc-build/powerpc64-unknown-linux-gnu/libsanitizer/lsan'
make[5]: Nothing to be done for 'check'.
make[5]: Leaving directory '/sources/gcc-build/powerpc64-unknown-linux-gnu/libsanitizer/lsan'
Making check in asan
make[5]: Entering directory '/sources/gcc-build/powerpc64-unknown-linux-gnu/libsanitizer/asan'
make[5]: Nothing to be done for 'check'.
make[5]: Leaving directory '/sources/gcc-build/powerpc64-unknown-linux-gnu/libsanitizer/asan'
Making check in ubsan
make[5]: Entering directory '/sources/gcc-build/powerpc64-unknown-linux-gnu/libsanitizer/ubsan'
make[5]: Nothing to be done for 'check'.
make[5]: Leaving directory '/sources/gcc-build/powerpc64-unknown-linux-gnu/libsanitizer/ubsan'
Making check in tsan
make[5]: Entering directory '/sources/gcc-build/powerpc64-unknown-linux-gnu/libsanitizer/tsan'
make[5]: Nothing to be done for 'check'.
make[5]: Leaving directory '/sources/gcc-build/powerpc64-unknown-linux-gnu/libsanitizer/tsan'
make[5]: Entering directory '/sources/gcc-build/powerpc64-unknown-linux-gnu/libsanitizer'
true "AR_FLAGS=rc" "CC_FOR_BUILD=gcc -isystem /usr/include" "CFLAGS=-g -O2" "CXXFLAGS=-g -O2 -D_GNU_SOURCE" "CFLAGS_FOR_BUILD=-g -O2" "CFLAGS_FOR_TARGET=-g -O2" "INSTALL=/usr/bin/install -c" "INSTALL_DATA=/usr/bin/install -c -m 644" "INSTALL_PROGRAM=/usr/bin/install -c" "INSTALL_SCRIPT=/usr/bin/install -c" "JC1FLAGS=" "LDFLAGS=" "LIBCFLAGS=-g -O2" "LIBCFLAGS_FOR_TARGET=-g -O2" "MAKE=make" "MAKEINFO=makeinfo --split-size=5000000 --split-size=5000000  " "PICFLAG=" "PICFLAG_FOR_TARGET=" "SHELL=/bin/sh" "RUNTESTFLAGS=" "exec_prefix=/usr" "infodir=/usr/share/info" "libdir=/usr/lib" "prefix=/usr" "includedir=/usr/include" "AR=ar" "AS=/sources/gcc-build/./gcc/as" "LD=/sources/gcc-build/./gcc/collect-ld" "LIBCFLAGS=-g -O2" "NM=/sources/gcc-build/./gcc/nm" "PICFLAG=" "RANLIB=ranlib" "DESTDIR=" DO=all multi-do # make
make[5]: Leaving directory '/sources/gcc-build/powerpc64-unknown-linux-gnu/libsanitizer'
make[4]: Leaving directory '/sources/gcc-build/powerpc64-unknown-linux-gnu/libsanitizer'
make[4]: Entering directory '/sources/gcc-build/powerpc64-unknown-linux-gnu/libssp'
true "AR_FLAGS=rc" "CC_FOR_BUILD=gcc -isystem /usr/include" "CFLAGS=-g -O2" "CXXFLAGS=-g -O2 -D_GNU_SOURCE" "CFLAGS_FOR_BUILD=-g -O2" "CFLAGS_FOR_TARGET=-g -O2" "INSTALL=/usr/bin/install -c" "INSTALL_DATA=/usr/bin/install -c -m 644" "INSTALL_PROGRAM=/usr/bin/install -c" "INSTALL_SCRIPT=/usr/bin/install -c" "JC1FLAGS=" "LDFLAGS=" "LIBCFLAGS=-g -O2" "LIBCFLAGS_FOR_TARGET=-g -O2" "MAKE=make" "MAKEINFO=makeinfo --split-size=5000000 --split-size=5000000 " "PICFLAG=" "PICFLAG_FOR_TARGET=" "SHELL=/bin/sh" "RUNTESTFLAGS=" "exec_prefix=/usr" "infodir=/usr/share/info" "libdir=/usr/lib" "prefix=/usr" "includedir=/usr/include" "AR=ar" "AS=/sources/gcc-build/./gcc/as" "CC=/sources/gcc-build/./gcc/xgcc -B/sources/gcc-build/./gcc/ -B/usr/powerpc64-unknown-linux-gnu/bin/ -B/usr/powerpc64-unknown-linux-gnu/lib/ -isystem /usr/powerpc64-unknown-linux-gnu/include -isystem /usr/powerpc64-unknown-linux-gnu/sys-include   " "CXX=/sources/gcc-build/./gcc/xg++ -B/sources/gcc-build/./gcc/ -nostdinc++ -nostdinc++ -I/sources/gcc-build/powerpc64-unknown-linux-gnu/libstdc++-v3/include/powerpc64-unknown-linux-gnu -I/sources/gcc-build/powerpc64-unknown-linux-gnu/libstdc++-v3/include -I/sources/gcc-8.3.0/libstdc++-v3/libsupc++ -I/sources/gcc-8.3.0/libstdc++-v3/include/backward -I/sources/gcc-8.3.0/libstdc++-v3/testsuite/util -L/sources/gcc-build/powerpc64-unknown-linux-gnu/libstdc++-v3/src -L/sources/gcc-build/powerpc64-unknown-linux-gnu/libstdc++-v3/src/.libs -L/sources/gcc-build/powerpc64-unknown-linux-gnu/libstdc++-v3/libsupc++/.libs -B/sources/gcc-build/powerpc64-unknown-linux-gnu/libstdc++-v3/src/.libs -B/sources/gcc-build/powerpc64-unknown-linux-gnu/libstdc++-v3/libsupc++/.libs -B/usr/powerpc64-unknown-linux-gnu/bin/ -B/usr/powerpc64-unknown-linux-gnu/lib/ -isystem /usr/powerpc64-unknown-linux-gnu/include -isystem /usr/powerpc64-unknown-linux-gnu/sys-include   " "LD=/sources/gcc-build/./gcc/collect-ld" "LIBCFLAGS=-g -O2" "NM=/sources/gcc-build/./gcc/nm" "PICFLAG=" "RANLIB=ranlib" "DESTDIR=" DO=all multi-do # make
make[4]: Leaving directory '/sources/gcc-build/powerpc64-unknown-linux-gnu/libssp'
make[4]: Entering directory '/sources/gcc-build/powerpc64-unknown-linux-gnu/libquadmath'
true  DO=all multi-do # make
make[4]: Leaving directory '/sources/gcc-build/powerpc64-unknown-linux-gnu/libquadmath'
make[4]: Entering directory '/sources/gcc-build/powerpc64-unknown-linux-gnu/libgomp'
Making check in testsuite
make[5]: Entering directory '/sources/gcc-build/powerpc64-unknown-linux-gnu/libgomp/testsuite'
make  check-DEJAGNU
make[6]: Entering directory '/sources/gcc-build/powerpc64-unknown-linux-gnu/libgomp/testsuite'
Making a new site.exp file...
srcdir='../../../../gcc-8.3.0/libgomp/testsuite'; export srcdir; \
EXPECT=expect; export EXPECT; \
runtest=runtest; \
if /bin/sh -c "$runtest --version" > /dev/null 2>&1; then \
  exit_status=0; l='libgomp'; for tool in $l; do \
    if $runtest  --tool $tool --srcdir $srcdir ; \
    then :; else exit_status=1; fi; \
  done; \
else echo "WARNING: could not find \`runtest'" 1>&2; :;\
fi; \
exit $exit_status
WARNING: Couldn't find the global config file.
Using ../../../../gcc-8.3.0/libgomp/testsuite/lib/libgomp.exp as tool init file.
Test run by root on Tue Mar 12 10:18:39 2019
Native configuration is powerpc64-unknown-linux-gnu

		=== libgomp tests ===

Schedule of variations:
    unix

Running target unix
Using /tools/share/dejagnu/baseboards/unix.exp as board description file for target.
Using /tools/share/dejagnu/config/unix.exp as generic interface file for target.
Using ../../../../gcc-8.3.0/libgomp/testsuite/config/default.exp as tool-and-target-specific interface file.
Running ../../../../gcc-8.3.0/libgomp/testsuite/libgomp.c/c.exp ...
Running ../../../../gcc-8.3.0/libgomp/testsuite/libgomp.c++/c++.exp ...
Running ../../../../gcc-8.3.0/libgomp/testsuite/libgomp.fortran/fortran.exp ...
No libgfortran library found, will not execute fortran tests
Running ../../../../gcc-8.3.0/libgomp/testsuite/libgomp.graphite/graphite.exp ...
Running ../../../../gcc-8.3.0/libgomp/testsuite/libgomp.hsa.c/c.exp ...
Running ../../../../gcc-8.3.0/libgomp/testsuite/libgomp.oacc-c/c.exp ...
Running ../../../../gcc-8.3.0/libgomp/testsuite/libgomp.oacc-c++/c++.exp ...
Running ../../../../gcc-8.3.0/libgomp/testsuite/libgomp.oacc-fortran/fortran.exp ...
No libgfortran library found, will not execute fortran tests

		=== libgomp Summary ===

# of expected passes		1877
# of expected failures		2
# of unsupported tests		199
make[6]: Leaving directory '/sources/gcc-build/powerpc64-unknown-linux-gnu/libgomp/testsuite'
make[5]: Leaving directory '/sources/gcc-build/powerpc64-unknown-linux-gnu/libgomp/testsuite'
make[5]: Entering directory '/sources/gcc-build/powerpc64-unknown-linux-gnu/libgomp'
true  DO=all multi-do # make
make[5]: Leaving directory '/sources/gcc-build/powerpc64-unknown-linux-gnu/libgomp'
make[4]: Leaving directory '/sources/gcc-build/powerpc64-unknown-linux-gnu/libgomp'
make[4]: Entering directory '/sources/gcc-build/powerpc64-unknown-linux-gnu/libitm'
Making check in testsuite
make[5]: Entering directory '/sources/gcc-build/powerpc64-unknown-linux-gnu/libitm/testsuite'
make  check-DEJAGNU
make[6]: Entering directory '/sources/gcc-build/powerpc64-unknown-linux-gnu/libitm/testsuite'
Making a new site.exp file...
srcdir='../../../../gcc-8.3.0/libitm/testsuite'; export srcdir; \
EXPECT=expect; export EXPECT; \
runtest=runtest; \
if /bin/sh -c "$runtest --version" > /dev/null 2>&1; then \
  exit_status=0; l='libitm'; for tool in $l; do \
    if $runtest  --tool $tool --srcdir $srcdir ; \
    then :; else exit_status=1; fi; \
  done; \
else echo "WARNING: could not find \`runtest'" 1>&2; :;\
fi; \
exit $exit_status
WARNING: Couldn't find the global config file.
Using ../../../../gcc-8.3.0/libitm/testsuite/lib/libitm.exp as tool init file.
Test run by root on Tue Mar 12 10:29:00 2019
Native configuration is powerpc64-unknown-linux-gnu

		=== libitm tests ===

Schedule of variations:
    unix

Running target unix
Using /tools/share/dejagnu/baseboards/unix.exp as board description file for target.
Using /tools/share/dejagnu/config/unix.exp as generic interface file for target.
Using ../../../../gcc-8.3.0/libitm/testsuite/config/default.exp as tool-and-target-specific interface file.
Running ../../../../gcc-8.3.0/libitm/testsuite/libitm.c/c.exp ...
Running ../../../../gcc-8.3.0/libitm/testsuite/libitm.c++/c++.exp ...

		=== libitm Summary ===

# of expected passes		42
# of expected failures		3
# of unsupported tests		1
make[6]: Leaving directory '/sources/gcc-build/powerpc64-unknown-linux-gnu/libitm/testsuite'
make[5]: Leaving directory '/sources/gcc-build/powerpc64-unknown-linux-gnu/libitm/testsuite'
make[5]: Entering directory '/sources/gcc-build/powerpc64-unknown-linux-gnu/libitm'
true  DO=all multi-do # make
make[5]: Leaving directory '/sources/gcc-build/powerpc64-unknown-linux-gnu/libitm'
make[4]: Leaving directory '/sources/gcc-build/powerpc64-unknown-linux-gnu/libitm'
make[4]: Entering directory '/sources/gcc-build/powerpc64-unknown-linux-gnu/libatomic'
Making check in testsuite
make[5]: Entering directory '/sources/gcc-build/powerpc64-unknown-linux-gnu/libatomic/testsuite'
make  check-DEJAGNU
make[6]: Entering directory '/sources/gcc-build/powerpc64-unknown-linux-gnu/libatomic/testsuite'
Making a new site.exp file...
srcdir='../../../../gcc-8.3.0/libatomic/testsuite'; export srcdir; \
EXPECT=expect; export EXPECT; \
runtest=runtest; \
if /bin/sh -c "$runtest --version" > /dev/null 2>&1; then \
  exit_status=0; l='libatomic'; for tool in $l; do \
    if $runtest  --tool $tool --srcdir $srcdir ; \
    then :; else exit_status=1; fi; \
  done; \
else echo "WARNING: could not find \`runtest'" 1>&2; :;\
fi; \
exit $exit_status
WARNING: Couldn't find the global config file.
Using ../../../../gcc-8.3.0/libatomic/testsuite/lib/libatomic.exp as tool init file.
Test run by root on Tue Mar 12 10:29:13 2019
Native configuration is powerpc64-unknown-linux-gnu

		=== libatomic tests ===

Schedule of variations:
    unix

Running target unix
Using /tools/share/dejagnu/baseboards/unix.exp as board description file for target.
Using /tools/share/dejagnu/config/unix.exp as generic interface file for target.
Using ../../../../gcc-8.3.0/libatomic/testsuite/config/default.exp as tool-and-target-specific interface file.
Running ../../../../gcc-8.3.0/libatomic/testsuite/libatomic.c/c.exp ...

		=== libatomic Summary ===

# of expected passes		54
make[6]: Leaving directory '/sources/gcc-build/powerpc64-unknown-linux-gnu/libatomic/testsuite'
make[5]: Leaving directory '/sources/gcc-build/powerpc64-unknown-linux-gnu/libatomic/testsuite'
make[5]: Entering directory '/sources/gcc-build/powerpc64-unknown-linux-gnu/libatomic'
true  DO=all multi-do # make
make[5]: Leaving directory '/sources/gcc-build/powerpc64-unknown-linux-gnu/libatomic'
make[4]: Leaving directory '/sources/gcc-build/powerpc64-unknown-linux-gnu/libatomic'
make[3]: Leaving directory '/sources/gcc-build'
make[2]: *** [Makefile:2233: do-check] Error 2
make[2]: Target 'check' not remade because of errors.
make[2]: Leaving directory '/sources/gcc-build'
cat <<'EOF' |
LAST_UPDATED: Obtained from SVN: tags/gcc_8_3_0_release revision 269117

Native configuration is powerpc64-unknown-linux-gnu

		=== g++ tests ===


Running target unix
FAIL: g++.dg/pr83239.C  -std=gnu++98 (test for excess errors)

		=== g++ Summary ===

# of expected passes		124676
# of unexpected failures	1
# of expected failures		510
# of unsupported tests		5433
/sources/gcc-build/gcc/xg++  version 8.3.0 (GCC) 

		=== gcc tests ===


Running target unix
FAIL: gcc.dg/sms-1.c scan-rtl-dump-times sms "SMS succeeded" 1
FAIL: gcc.dg/gomp/pr82374.c scan-tree-dump-times vect "vectorized 1 loops" 2
XPASS: gcc.dg/graphite/pr69728.c scan-tree-dump graphite "loop nest optimized"
FAIL: gcc.dg/ipa/iinline-attr.c scan-ipa-dump inline "hooray[^\\\\n]*inline copy in test"
FAIL: gcc.dg/torture/pr52451.c   -O0  execution test
FAIL: gcc.dg/torture/pr52451.c   -O1  execution test
FAIL: gcc.dg/torture/pr52451.c   -O2  execution test
FAIL: gcc.dg/torture/pr52451.c   -O3 -g  execution test
FAIL: gcc.dg/torture/pr52451.c   -Os  execution test
FAIL: gcc.dg/torture/pr52451.c   -O2 -flto -fno-use-linker-plugin -flto-partition=none  execution test
FAIL: gcc.dg/torture/pr52451.c   -O2 -flto -fuse-linker-plugin -fno-fat-lto-objects  execution test
FAIL: gcc.dg/vect/costmodel/ppc/costmodel-vect-76b.c scan-tree-dump-times vect "vectorized 1 loops" 0
FAIL: gcc.dg/vect/costmodel/ppc/costmodel-vect-76b.c scan-tree-dump-times vect "vectorization not profitable" 1
FAIL: gcc.dg/vect/pr46032.c scan-tree-dump-times vect "note: vectorized 1 loop" 1
FAIL: gcc.dg/vect/pr85586.c scan-tree-dump-times vect "LOOP VECTORIZED" 1
XPASS: gcc.dg/vect/vect-24.c scan-tree-dump-times vect "vectorized 3 loops" 1
FAIL: gcc.dg/vect/vect-31.c scan-tree-dump-times vect "vectorized 4 loops" 1
FAIL: gcc.dg/vect/vect-44.c scan-tree-dump-times vect "Vectorizing an unaligned access" 3
FAIL: gcc.dg/vect/vect-50.c scan-tree-dump-times vect "Vectorizing an unaligned access" 3
FAIL: gcc.dg/vect/vect-93.c scan-tree-dump-times vect "vectorized 2 loops" 2
FAIL: gcc.dg/vect/vect-strided-a-u8-i2-gap.c scan-tree-dump-times vect "vectorized 1 loops" 1
FAIL: gcc.dg/vect/slp-43.c scan-tree-dump-times vect "vectorized 1 loops" 2
FAIL: gcc.dg/vect/pr46032.c -flto -ffat-lto-objects  scan-tree-dump-times vect "note: vectorized 1 loop" 1
FAIL: gcc.dg/vect/pr85586.c -flto -ffat-lto-objects  scan-tree-dump-times vect "LOOP VECTORIZED" 1
XPASS: gcc.dg/vect/vect-24.c -flto -ffat-lto-objects  scan-tree-dump-times vect "vectorized 3 loops" 1
FAIL: gcc.dg/vect/vect-31.c -flto -ffat-lto-objects  scan-tree-dump-times vect "vectorized 4 loops" 1
FAIL: gcc.dg/vect/vect-44.c -flto -ffat-lto-objects  scan-tree-dump-times vect "Vectorizing an unaligned access" 3
FAIL: gcc.dg/vect/vect-50.c -flto -ffat-lto-objects  scan-tree-dump-times vect "Vectorizing an unaligned access" 3
FAIL: gcc.dg/vect/vect-93.c -flto -ffat-lto-objects  scan-tree-dump-times vect "vectorized 2 loops" 2
FAIL: gcc.dg/vect/vect-strided-a-u8-i2-gap.c -flto -ffat-lto-objects  scan-tree-dump-times vect "vectorized 1 loops" 1
FAIL: gcc.dg/vect/slp-43.c -flto -ffat-lto-objects  scan-tree-dump-times vect "vectorized 1 loops" 2
FAIL: gcc.dg/vect/no-vfa-vect-depend-2.c scan-tree-dump-times vect "vectorized 1 loops" 1
FAIL: gcc.dg/vect/no-vfa-vect-depend-3.c scan-tree-dump-times vect "vectorized 1 loops" 4
FAIL: gcc.dg/vect/section-anchors-vect-69.c scan-tree-dump-times vect "vectorized 4 loops" 1
FAIL: gcc.dg/vect/no-tree-sra-bb-slp-pr50730.c scan-tree-dump-times slp2 "basic block vectorized" 1
FAIL: gcc.dg/vmx/extract-vsx-be-order.c   -O0  execution test
FAIL: gcc.dg/vmx/extract-vsx.c   -O0  execution test
FAIL: gcc.dg/vmx/insert-vsx-be-order.c   -O0  execution test
FAIL: gcc.dg/vmx/insert-vsx.c   -O0  execution test
FAIL: gcc.dg/vmx/ld-vsx-be-order.c   -O0  execution test
FAIL: gcc.dg/vmx/ld-vsx-be-order.c   -O1  execution test
FAIL: gcc.dg/vmx/ld-vsx-be-order.c   -O2  execution test
FAIL: gcc.dg/vmx/ld-vsx-be-order.c   -O3 -fomit-frame-pointer -funroll-loops -fpeel-loops -ftracer -finline-functions  execution test
FAIL: gcc.dg/vmx/ld-vsx-be-order.c   -O3 -g  execution test
FAIL: gcc.dg/vmx/ld-vsx-be-order.c   -Os  execution test
FAIL: gcc.dg/vmx/ld-vsx-be-order.c   -O2 -flto -fno-use-linker-plugin -flto-partition=none  execution test
FAIL: gcc.dg/vmx/ld-vsx-be-order.c   -O2 -flto -fuse-linker-plugin -fno-fat-lto-objects  execution test
FAIL: gcc.dg/vmx/ld-vsx.c   -O0  execution test
FAIL: gcc.dg/vmx/ld-vsx.c   -O1  execution test
FAIL: gcc.dg/vmx/ld-vsx.c   -O2  execution test
FAIL: gcc.dg/vmx/ld-vsx.c   -O3 -fomit-frame-pointer -funroll-loops -fpeel-loops -ftracer -finline-functions  execution test
FAIL: gcc.dg/vmx/ld-vsx.c   -O3 -g  execution test
FAIL: gcc.dg/vmx/ld-vsx.c   -Os  execution test
FAIL: gcc.dg/vmx/ld-vsx.c   -O2 -flto -fno-use-linker-plugin -flto-partition=none  execution test
FAIL: gcc.dg/vmx/ld-vsx.c   -O2 -flto -fuse-linker-plugin -fno-fat-lto-objects  execution test
FAIL: gcc.dg/vmx/ldl-vsx-be-order.c   -O0  execution test
FAIL: gcc.dg/vmx/ldl-vsx-be-order.c   -O1  execution test
FAIL: gcc.dg/vmx/ldl-vsx-be-order.c   -O2  execution test
FAIL: gcc.dg/vmx/ldl-vsx-be-order.c   -O3 -fomit-frame-pointer -funroll-loops -fpeel-loops -ftracer -finline-functions  execution test
FAIL: gcc.dg/vmx/ldl-vsx-be-order.c   -O3 -g  execution test
FAIL: gcc.dg/vmx/ldl-vsx-be-order.c   -Os  execution test
FAIL: gcc.dg/vmx/ldl-vsx-be-order.c   -O2 -flto -fno-use-linker-plugin -flto-partition=none  execution test
FAIL: gcc.dg/vmx/ldl-vsx-be-order.c   -O2 -flto -fuse-linker-plugin -fno-fat-lto-objects  execution test
FAIL: gcc.dg/vmx/ldl-vsx.c   -O0  execution test
FAIL: gcc.dg/vmx/ldl-vsx.c   -O1  execution test
FAIL: gcc.dg/vmx/ldl-vsx.c   -O2  execution test
FAIL: gcc.dg/vmx/ldl-vsx.c   -O3 -fomit-frame-pointer -funroll-loops -fpeel-loops -ftracer -finline-functions  execution test
FAIL: gcc.dg/vmx/ldl-vsx.c   -O3 -g  execution test
FAIL: gcc.dg/vmx/ldl-vsx.c   -Os  execution test
FAIL: gcc.dg/vmx/ldl-vsx.c   -O2 -flto -fno-use-linker-plugin -flto-partition=none  execution test
FAIL: gcc.dg/vmx/ldl-vsx.c   -O2 -flto -fuse-linker-plugin -fno-fat-lto-objects  execution test
FAIL: gcc.dg/vmx/merge-vsx-be-order.c   -O0  execution test
FAIL: gcc.dg/vmx/merge-vsx-be-order.c   -O1  execution test
FAIL: gcc.dg/vmx/merge-vsx-be-order.c   -O2  execution test
FAIL: gcc.dg/vmx/merge-vsx-be-order.c   -O3 -g  execution test
FAIL: gcc.dg/vmx/merge-vsx-be-order.c   -Os  execution test
FAIL: gcc.dg/vmx/merge-vsx-be-order.c   -O2 -flto -fno-use-linker-plugin -flto-partition=none  execution test
FAIL: gcc.dg/vmx/merge-vsx-be-order.c   -O2 -flto -fuse-linker-plugin -fno-fat-lto-objects  execution test
FAIL: gcc.dg/vmx/merge-vsx.c   -O0  execution test
FAIL: gcc.dg/vmx/merge-vsx.c   -O1  execution test
FAIL: gcc.dg/vmx/merge-vsx.c   -O2  execution test
FAIL: gcc.dg/vmx/merge-vsx.c   -O3 -g  execution test
FAIL: gcc.dg/vmx/merge-vsx.c   -Os  execution test
FAIL: gcc.dg/vmx/merge-vsx.c   -O2 -flto -fno-use-linker-plugin -flto-partition=none  execution test
FAIL: gcc.dg/vmx/merge-vsx.c   -O2 -flto -fuse-linker-plugin -fno-fat-lto-objects  execution test
FAIL: gcc.dg/vmx/splat-vsx-be-order.c   -O0  execution test
FAIL: gcc.dg/vmx/splat-vsx-be-order.c   -O1  execution test
FAIL: gcc.dg/vmx/splat-vsx-be-order.c   -O2  execution test
FAIL: gcc.dg/vmx/splat-vsx-be-order.c   -O3 -g  execution test
FAIL: gcc.dg/vmx/splat-vsx-be-order.c   -Os  execution test
FAIL: gcc.dg/vmx/splat-vsx-be-order.c   -O2 -flto -fno-use-linker-plugin -flto-partition=none  execution test
FAIL: gcc.dg/vmx/splat-vsx-be-order.c   -O2 -flto -fuse-linker-plugin -fno-fat-lto-objects  execution test
FAIL: gcc.dg/vmx/splat-vsx.c   -O0  execution test
FAIL: gcc.dg/vmx/splat-vsx.c   -O1  execution test
FAIL: gcc.dg/vmx/splat-vsx.c   -O2  execution test
FAIL: gcc.dg/vmx/splat-vsx.c   -O3 -g  execution test
FAIL: gcc.dg/vmx/splat-vsx.c   -Os  execution test
FAIL: gcc.dg/vmx/splat-vsx.c   -O2 -flto -fno-use-linker-plugin -flto-partition=none  execution test
FAIL: gcc.dg/vmx/splat-vsx.c   -O2 -flto -fuse-linker-plugin -fno-fat-lto-objects  execution test
FAIL: gcc.dg/vmx/st-vsx-be-order.c   -O0  execution test
FAIL: gcc.dg/vmx/st-vsx-be-order.c   -O1  execution test
FAIL: gcc.dg/vmx/st-vsx-be-order.c   -O2  execution test
FAIL: gcc.dg/vmx/st-vsx-be-order.c   -O3 -fomit-frame-pointer -funroll-loops -fpeel-loops -ftracer -finline-functions  execution test
FAIL: gcc.dg/vmx/st-vsx-be-order.c   -O3 -g  execution test
FAIL: gcc.dg/vmx/st-vsx-be-order.c   -Os  execution test
FAIL: gcc.dg/vmx/st-vsx-be-order.c   -O2 -flto -fno-use-linker-plugin -flto-partition=none  execution test
FAIL: gcc.dg/vmx/st-vsx-be-order.c   -O2 -flto -fuse-linker-plugin -fno-fat-lto-objects  execution test
FAIL: gcc.dg/vmx/st-vsx.c   -O0  execution test
FAIL: gcc.dg/vmx/st-vsx.c   -O1  execution test
FAIL: gcc.dg/vmx/st-vsx.c   -O2  execution test
FAIL: gcc.dg/vmx/st-vsx.c   -O3 -fomit-frame-pointer -funroll-loops -fpeel-loops -ftracer -finline-functions  execution test
FAIL: gcc.dg/vmx/st-vsx.c   -O3 -g  execution test
FAIL: gcc.dg/vmx/st-vsx.c   -Os  execution test
FAIL: gcc.dg/vmx/st-vsx.c   -O2 -flto -fno-use-linker-plugin -flto-partition=none  execution test
FAIL: gcc.dg/vmx/st-vsx.c   -O2 -flto -fuse-linker-plugin -fno-fat-lto-objects  execution test
FAIL: gcc.dg/vmx/stl-vsx-be-order.c   -O0  execution test
FAIL: gcc.dg/vmx/stl-vsx-be-order.c   -O1  execution test
FAIL: gcc.dg/vmx/stl-vsx-be-order.c   -O2  execution test
FAIL: gcc.dg/vmx/stl-vsx-be-order.c   -O3 -fomit-frame-pointer -funroll-loops -fpeel-loops -ftracer -finline-functions  execution test
FAIL: gcc.dg/vmx/stl-vsx-be-order.c   -O3 -g  execution test
FAIL: gcc.dg/vmx/stl-vsx-be-order.c   -Os  execution test
FAIL: gcc.dg/vmx/stl-vsx-be-order.c   -O2 -flto -fno-use-linker-plugin -flto-partition=none  execution test
FAIL: gcc.dg/vmx/stl-vsx-be-order.c   -O2 -flto -fuse-linker-plugin -fno-fat-lto-objects  execution test
FAIL: gcc.dg/vmx/stl-vsx.c   -O0  execution test
FAIL: gcc.dg/vmx/stl-vsx.c   -O1  execution test
FAIL: gcc.dg/vmx/stl-vsx.c   -O2  execution test
FAIL: gcc.dg/vmx/stl-vsx.c   -O3 -fomit-frame-pointer -funroll-loops -fpeel-loops -ftracer -finline-functions  execution test
FAIL: gcc.dg/vmx/stl-vsx.c   -O3 -g  execution test
FAIL: gcc.dg/vmx/stl-vsx.c   -Os  execution test
FAIL: gcc.dg/vmx/stl-vsx.c   -O2 -flto -fno-use-linker-plugin -flto-partition=none  execution test
FAIL: gcc.dg/vmx/stl-vsx.c   -O2 -flto -fuse-linker-plugin -fno-fat-lto-objects  execution test
FAIL: gcc.target/powerpc/altivec-1-runnable.c (test for excess errors)
FAIL: gcc.target/powerpc/builtins-2.c execution test
FAIL: gcc.target/powerpc/fold-vec-neg-int.c (test for excess errors)
FAIL: gcc.target/powerpc/vec-cmpne.c execution test
FAIL: gcc.target/powerpc/vec-mul.c execution test
FAIL: gcc.target/powerpc/vsx-7-be.c scan-assembler-times vupkhpx 1
FAIL: gcc.target/powerpc/vsx-vector-5.c execution test

		=== gcc Summary ===

# of expected passes		117988
# of unexpected failures	135
# of unexpected successes	3
# of expected failures		419
# of unsupported tests		3127
/sources/gcc-build/gcc/xgcc  version 8.3.0 (GCC) 

		=== libatomic tests ===


Running target unix

		=== libatomic Summary ===

# of expected passes		54
		=== libgomp tests ===


Running target unix

		=== libgomp Summary ===

# of expected passes		1877
# of expected failures		2
# of unsupported tests		199
		=== libitm tests ===


Running target unix

		=== libitm Summary ===

# of expected passes		42
# of expected failures		3
# of unsupported tests		1
		=== libstdc++ tests ===


Running target unix
FAIL: 27_io/filesystem/iterators/directory_iterator.cc execution test
FAIL: 27_io/filesystem/iterators/recursive_directory_iterator.cc execution test
FAIL: 27_io/filesystem/operations/exists.cc execution test
FAIL: 27_io/filesystem/operations/is_empty.cc execution test
FAIL: 27_io/filesystem/operations/remove.cc execution test
FAIL: 27_io/filesystem/operations/status.cc execution test
FAIL: 27_io/filesystem/operations/symlink_status.cc execution test
FAIL: 27_io/filesystem/operations/temp_directory_path.cc execution test
FAIL: experimental/filesystem/iterators/directory_iterator.cc execution test
FAIL: experimental/filesystem/iterators/recursive_directory_iterator.cc execution test
FAIL: experimental/filesystem/operations/exists.cc execution test
FAIL: experimental/filesystem/operations/is_empty.cc execution test
FAIL: experimental/filesystem/operations/remove.cc execution test
FAIL: experimental/filesystem/operations/temp_directory_path.cc execution test

		=== libstdc++ Summary ===

# of expected passes		12254
# of unexpected failures	14
# of expected failures		71
# of unsupported tests		316

Compiler version: 8.3.0 (GCC) 
Platform: powerpc64-unknown-linux-gnu
configure flags: --prefix=/usr --libexecdir=/usr/lib --enable-languages=c,c++ --disable-multilib --with-system-zlib --enable-install-libiberty --disable-bootstrap
EOF
Mail -s "Results for 8.3.0 (GCC) testsuite on powerpc64-unknown-linux-gnu" gcc-testresults@gcc.gnu.org &&
mv /sources/gcc-build/./gcc/testsuite/g++/g++.sum /sources/gcc-build/./gcc/testsuite/g++/g++.sum.sent &&
mv /sources/gcc-build/./gcc/testsuite/gcc/gcc.sum /sources/gcc-build/./gcc/testsuite/gcc/gcc.sum.sent &&
mv /sources/gcc-build/./powerpc64-unknown-linux-gnu/libatomic/testsuite/libatomic.sum /sources/gcc-build/./powerpc64-unknown-linux-gnu/libatomic/testsuite/libatomic.sum.sent &&
mv /sources/gcc-build/./powerpc64-unknown-linux-gnu/libgomp/testsuite/libgomp.sum /sources/gcc-build/./powerpc64-unknown-linux-gnu/libgomp/testsuite/libgomp.sum.sent &&
mv /sources/gcc-build/./powerpc64-unknown-linux-gnu/libitm/testsuite/libitm.sum /sources/gcc-build/./powerpc64-unknown-linux-gnu/libitm/testsuite/libitm.sum.sent &&
mv /sources/gcc-build/./powerpc64-unknown-linux-gnu/libstdc++-v3/testsuite/libstdc++.sum /sources/gcc-build/./powerpc64-unknown-linux-gnu/libstdc++-v3/testsuite/libstdc++.sum.sent &&
mv /sources/gcc-build/./gcc/testsuite/g++/g++.log /sources/gcc-build/./gcc/testsuite/g++/g++.log.sent &&
mv /sources/gcc-build/./gcc/testsuite/gcc/gcc.log /sources/gcc-build/./gcc/testsuite/gcc/gcc.log.sent &&
mv /sources/gcc-build/./powerpc64-unknown-linux-gnu/libatomic/testsuite/libatomic.log /sources/gcc-build/./powerpc64-unknown-linux-gnu/libatomic/testsuite/libatomic.log.sent &&
mv /sources/gcc-build/./powerpc64-unknown-linux-gnu/libgomp/testsuite/libgomp.log /sources/gcc-build/./powerpc64-unknown-linux-gnu/libgomp/testsuite/libgomp.log.sent &&
mv /sources/gcc-build/./powerpc64-unknown-linux-gnu/libitm/testsuite/libitm.log /sources/gcc-build/./powerpc64-unknown-linux-gnu/libitm/testsuite/libitm.log.sent &&
mv /sources/gcc-build/./powerpc64-unknown-linux-gnu/libstdc++-v3/testsuite/libstdc++.log /sources/gcc-build/./powerpc64-unknown-linux-gnu/libstdc++-v3/testsuite/libstdc++.log.sent &&
true
make[2]: Entering directory '/sources/gcc-build'
make[3]: Entering directory '/sources/gcc-build'
make[4]: Entering directory '/sources/gcc-build/libiberty'
make[5]: Entering directory '/sources/gcc-build/libiberty/testsuite'
make[5]: Nothing to be done for 'all'.
make[5]: Leaving directory '/sources/gcc-build/libiberty/testsuite'
make[4]: Leaving directory '/sources/gcc-build/libiberty'
make[4]: Entering directory '/sources/gcc-build/fixincludes'
make[4]: Nothing to be done for 'all'.
make[4]: Leaving directory '/sources/gcc-build/fixincludes'
make[4]: Entering directory '/sources/gcc-build/lto-plugin'
make  all-am
make[5]: Entering directory '/sources/gcc-build/lto-plugin'
make[5]: Leaving directory '/sources/gcc-build/lto-plugin'
make[4]: Leaving directory '/sources/gcc-build/lto-plugin'
make[4]: Entering directory '/sources/gcc-build/intl'
make[4]: Nothing to be done for 'all'.
make[4]: Leaving directory '/sources/gcc-build/intl'
make[4]: Entering directory '/sources/gcc-build/build-powerpc64-unknown-linux-gnu/libiberty'
make[5]: Entering directory '/sources/gcc-build/build-powerpc64-unknown-linux-gnu/libiberty/testsuite'
make[5]: Nothing to be done for 'all'.
make[5]: Leaving directory '/sources/gcc-build/build-powerpc64-unknown-linux-gnu/libiberty/testsuite'
make[4]: Leaving directory '/sources/gcc-build/build-powerpc64-unknown-linux-gnu/libiberty'
make[4]: Entering directory '/sources/gcc-build/build-powerpc64-unknown-linux-gnu/fixincludes'
make[4]: Nothing to be done for 'all'.
make[4]: Leaving directory '/sources/gcc-build/build-powerpc64-unknown-linux-gnu/fixincludes'
make[4]: Entering directory '/sources/gcc-build/build-powerpc64-unknown-linux-gnu/libcpp'
test -f config.h || (rm -f stamp-h1 && make stamp-h1)
make[4]: Leaving directory '/sources/gcc-build/build-powerpc64-unknown-linux-gnu/libcpp'
make[4]: Entering directory '/sources/gcc-build/libbacktrace'
make  all-am
make[5]: Entering directory '/sources/gcc-build/libbacktrace'
true  DO=all multi-do # make
make[5]: Leaving directory '/sources/gcc-build/libbacktrace'
make[4]: Leaving directory '/sources/gcc-build/libbacktrace'
make[4]: Entering directory '/sources/gcc-build/libcpp'
test -f config.h || (rm -f stamp-h1 && make stamp-h1)
make[4]: Leaving directory '/sources/gcc-build/libcpp'
make[4]: Entering directory '/sources/gcc-build/libdecnumber'
make[4]: Nothing to be done for 'all'.
make[4]: Leaving directory '/sources/gcc-build/libdecnumber'
make[4]: Entering directory '/sources/gcc-build/gcc'
make[4]: Leaving directory '/sources/gcc-build/gcc'
make[4]: Entering directory '/sources/gcc-build/libcc1'
make  all-am
make[5]: Entering directory '/sources/gcc-build/libcc1'
make[5]: Leaving directory '/sources/gcc-build/libcc1'
make[4]: Leaving directory '/sources/gcc-build/libcc1'
Checking multilib configuration for libgcc...
make[4]: Entering directory '/sources/gcc-build/powerpc64-unknown-linux-gnu/libgcc'
# If this is the top-level multilib, build all the other
# multilibs.
# Early copyback; see "all" above for the rationale.  The
# early copy is necessary so that the gcc -B options find
# the right startup files when linking shared libgcc.
/bin/sh ../../../gcc-8.3.0/libgcc/../mkinstalldirs ../.././gcc
parts="crtbegin.o crtbeginS.o crtbeginT.o crtend.o crtendS.o ecrti.o ecrtn.o ncrti.o ncrtn.o";					\
for file in $parts; do					\
  rm -f ../.././gcc/$file;		\
  /usr/bin/install -c -m 644 $file ../.././gcc/;	\
  case $file in 					\
    *.a)						\
      ranlib ../.././gcc/$file ;;	\
  esac;							\
done
# @multilib_flags@ is still needed because this may use
# /sources/gcc-build/./gcc/xgcc -B/sources/gcc-build/./gcc/ -B/usr/powerpc64-unknown-linux-gnu/bin/ -B/usr/powerpc64-unknown-linux-gnu/lib/ -isystem /usr/powerpc64-unknown-linux-gnu/include -isystem /usr/powerpc64-unknown-linux-gnu/sys-include    and -O2  -g -O2 -DIN_GCC    -W -Wall -Wno-narrowing -Wwrite-strings -Wcast-qual -Wstrict-prototypes -Wmissing-prototypes -Wold-style-definition  -isystem ./include   -fPIC -mlong-double-128 -mno-minimal-toc -g -DIN_LIBGCC2 -fbuilding-libgcc -fno-stack-protector  directly.
# @multilib_dir@ is not really necessary, but sometimes it has
# more uses than just a directory name.
/bin/sh ../../../gcc-8.3.0/libgcc/../mkinstalldirs .
/sources/gcc-build/./gcc/xgcc -B/sources/gcc-build/./gcc/ -B/usr/powerpc64-unknown-linux-gnu/bin/ -B/usr/powerpc64-unknown-linux-gnu/lib/ -isystem /usr/powerpc64-unknown-linux-gnu/include -isystem /usr/powerpc64-unknown-linux-gnu/sys-include    -O2  -g -O2 -DIN_GCC    -W -Wall -Wno-narrowing -Wwrite-strings -Wcast-qual -Wstrict-prototypes -Wmissing-prototypes -Wold-style-definition  -isystem ./include   -fPIC -mlong-double-128 -mno-minimal-toc -g -DIN_LIBGCC2 -fbuilding-libgcc -fno-stack-protector  -shared -nodefaultlibs -Wl,--soname=libgcc_s.so.1 -Wl,--version-script=libgcc.map -o ./libgcc_s.so.1.tmp -g -O2 -B./ _muldi3_s.o _negdi2_s.o _lshrdi3_s.o _ashldi3_s.o _ashrdi3_s.o _cmpdi2_s.o _ucmpdi2_s.o _clear_cache_s.o _trampoline_s.o __main_s.o _absvsi2_s.o _absvdi2_s.o _addvsi3_s.o _addvdi3_s.o _subvsi3_s.o _subvdi3_s.o _mulvsi3_s.o _mulvdi3_s.o _negvsi2_s.o _negvdi2_s.o _ctors_s.o _ffssi2_s.o _ffsdi2_s.o _clz_s.o _clzsi2_s.o _clzdi2_s.o _ctzsi2_s.o _ctzdi2_s.o _popcount_tab_s.o _popcountsi2_s.o _popcountdi2_s.o _paritysi2_s.o _paritydi2_s.o _powisf2_s.o _powidf2_s.o _powixf2_s.o _powitf2_s.o _mulhc3_s.o _mulsc3_s.o _muldc3_s.o _mulxc3_s.o _multc3_s.o _divhc3_s.o _divsc3_s.o _divdc3_s.o _divxc3_s.o _divtc3_s.o _bswapsi2_s.o _bswapdi2_s.o _clrsbsi2_s.o _clrsbdi2_s.o _fixunssfsi_s.o _fixunsdfsi_s.o _fixunsxfsi_s.o _fixsfdi_s.o _fixdfdi_s.o _fixxfdi_s.o _fixtfdi_s.o _fixunssfdi_s.o _fixunsdfdi_s.o _fixunsxfdi_s.o _fixunstfdi_s.o _floatdisf_s.o _floatdidf_s.o _floatdixf_s.o _floatditf_s.o _floatundisf_s.o _floatundidf_s.o _floatundixf_s.o _floatunditf_s.o _divdi3_s.o _moddi3_s.o _divmoddi4_s.o _udivdi3_s.o _umoddi3_s.o _udivmoddi4_s.o _udiv_w_sdiv_s.o ibm-ldouble_s.o tramp_s.o ppc64-fp_s.o enable-execute-stack_s.o unwind-dw2_s.o unwind-dw2-fde-dip_s.o unwind-sjlj_s.o unwind-c_s.o emutls_s.o libgcc.a -lc && rm -f ./libgcc_s.so && if [ -f ./libgcc_s.so.1 ]; then mv -f ./libgcc_s.so.1 ./libgcc_s.so.1.backup; else true; fi && mv ./libgcc_s.so.1.tmp ./libgcc_s.so.1 && (echo "/* GNU ld script"; echo "   Use the shared library, but some functions are only in"; echo "   the static library.  */"; echo "GROUP ( libgcc_s.so.1 -lgcc )" ) > ./libgcc_s.so
dest=../.././gcc/include/tmp$$-unwind.h; \
cp unwind.h $dest; \
chmod a+r $dest; \
sh ../../../gcc-8.3.0/libgcc/../move-if-change $dest ../.././gcc/include/unwind.h
# Now that we have built all the objects, we need to copy
# them back to the GCC directory.  Too many things (other
# in-tree libraries, and DejaGNU) know about the layout
# of the build tree, for now.
make install-leaf DESTDIR=../.././gcc \
  slibdir= libsubdir= MULTIOSDIR=.
make[5]: Entering directory '/sources/gcc-build/powerpc64-unknown-linux-gnu/libgcc'
/bin/sh ../../../gcc-8.3.0/libgcc/../mkinstalldirs ../.././gcc
/usr/bin/install -c -m 644 libgcc_eh.a ../.././gcc/
chmod 644 ../.././gcc/libgcc_eh.a
ranlib ../.././gcc/libgcc_eh.a
/bin/sh ../../../gcc-8.3.0/libgcc/../mkinstalldirs ../.././gcc; /usr/bin/install -c -m 644 ./libgcc_s.so.1 ../.././gcc/libgcc_s.so.1; rm -f ../.././gcc/libgcc_s.so; /usr/bin/install -c -m 644 ./libgcc_s.so ../.././gcc/libgcc_s.so
/bin/sh ../../../gcc-8.3.0/libgcc/../mkinstalldirs ../.././gcc
/usr/bin/install -c -m 644 libgcc.a ../.././gcc/
chmod 644 ../.././gcc/libgcc.a
ranlib ../.././gcc/libgcc.a
/usr/bin/install -c -m 644 libgcov.a ../.././gcc/
chmod 644 ../.././gcc/libgcov.a
ranlib ../.././gcc/libgcov.a
parts="crtbegin.o crtbeginS.o crtbeginT.o crtend.o crtendS.o ecrti.o ecrtn.o ncrti.o ncrtn.o";				\
for file in $parts; do					\
  rm -f ../.././gcc/$file;		\
  /usr/bin/install -c -m 644 $file ../.././gcc/;	\
  case $file in 					\
    *.a)						\
      ranlib ../.././gcc/$file ;;	\
  esac;							\
done
make[5]: Leaving directory '/sources/gcc-build/powerpc64-unknown-linux-gnu/libgcc'
make[4]: Leaving directory '/sources/gcc-build/powerpc64-unknown-linux-gnu/libgcc'
Checking multilib configuration for libgomp...
Checking multilib configuration for libstdc++-v3...
make[4]: Entering directory '/sources/gcc-build/powerpc64-unknown-linux-gnu/libstdc++-v3'
make "AR_FLAGS=rc" "CC_FOR_BUILD=gcc -isystem /usr/include" "CC_FOR_TARGET=/sources/gcc-build/./gcc/xgcc -B/sources/gcc-build/./gcc/" "CFLAGS=-g -O2" "CXXFLAGS=-g -O2 -D_GNU_SOURCE" "CFLAGS_FOR_BUILD=-g -O2" "CFLAGS_FOR_TARGET=-g -O2" "INSTALL=/usr/bin/install -c" "INSTALL_DATA=/usr/bin/install -c -m 644" "INSTALL_PROGRAM=/usr/bin/install -c" "INSTALL_SCRIPT=/usr/bin/install -c" "LDFLAGS=" "LIBCFLAGS=-g -O2" "LIBCFLAGS_FOR_TARGET=-g -O2" "MAKE=make" "MAKEINFO=makeinfo --split-size=5000000 --split-size=5000000 " "SHELL=/bin/sh" "RUNTESTFLAGS=" "exec_prefix=/usr" "infodir=/usr/share/info" "libdir=/usr/lib" "includedir=/usr/include" "prefix=/usr" "tooldir=/usr/powerpc64-unknown-linux-gnu" "gxx_include_dir=/usr/include/c++/8.3.0" "AR=ar" "AS=/sources/gcc-build/./gcc/as" "LD=/sources/gcc-build/./gcc/collect-ld" "RANLIB=ranlib" "NM=/sources/gcc-build/./gcc/nm" "NM_FOR_BUILD=" "NM_FOR_TARGET=nm" "DESTDIR=" "WERROR=" all-recursive
make[5]: Entering directory '/sources/gcc-build/powerpc64-unknown-linux-gnu/libstdc++-v3'
Making all in include
make[6]: Entering directory '/sources/gcc-build/powerpc64-unknown-linux-gnu/libstdc++-v3/include'
make[6]: Nothing to be done for 'all'.
make[6]: Leaving directory '/sources/gcc-build/powerpc64-unknown-linux-gnu/libstdc++-v3/include'
Making all in libsupc++
make[6]: Entering directory '/sources/gcc-build/powerpc64-unknown-linux-gnu/libstdc++-v3/libsupc++'
make[6]: Nothing to be done for 'all'.
make[6]: Leaving directory '/sources/gcc-build/powerpc64-unknown-linux-gnu/libstdc++-v3/libsupc++'
Making all in src
make[6]: Entering directory '/sources/gcc-build/powerpc64-unknown-linux-gnu/libstdc++-v3/src'
Making all in c++98
make[7]: Entering directory '/sources/gcc-build/powerpc64-unknown-linux-gnu/libstdc++-v3/src/c++98'
make[7]: Nothing to be done for 'all'.
make[7]: Leaving directory '/sources/gcc-build/powerpc64-unknown-linux-gnu/libstdc++-v3/src/c++98'
Making all in c++11
make[7]: Entering directory '/sources/gcc-build/powerpc64-unknown-linux-gnu/libstdc++-v3/src/c++11'
make[7]: Nothing to be done for 'all'.
make[7]: Leaving directory '/sources/gcc-build/powerpc64-unknown-linux-gnu/libstdc++-v3/src/c++11'
Making all in filesystem
make[7]: Entering directory '/sources/gcc-build/powerpc64-unknown-linux-gnu/libstdc++-v3/src/filesystem'
make[7]: Nothing to be done for 'all'.
make[7]: Leaving directory '/sources/gcc-build/powerpc64-unknown-linux-gnu/libstdc++-v3/src/filesystem'
make[7]: Entering directory '/sources/gcc-build/powerpc64-unknown-linux-gnu/libstdc++-v3/src'
make[7]: Nothing to be done for 'all-am'.
make[7]: Leaving directory '/sources/gcc-build/powerpc64-unknown-linux-gnu/libstdc++-v3/src'
make[6]: Leaving directory '/sources/gcc-build/powerpc64-unknown-linux-gnu/libstdc++-v3/src'
Making all in doc
make[6]: Entering directory '/sources/gcc-build/powerpc64-unknown-linux-gnu/libstdc++-v3/doc'
make[6]: Nothing to be done for 'all'.
make[6]: Leaving directory '/sources/gcc-build/powerpc64-unknown-linux-gnu/libstdc++-v3/doc'
Making all in po
make[6]: Entering directory '/sources/gcc-build/powerpc64-unknown-linux-gnu/libstdc++-v3/po'
make[6]: Nothing to be done for 'all'.
make[6]: Leaving directory '/sources/gcc-build/powerpc64-unknown-linux-gnu/libstdc++-v3/po'
Making all in testsuite
make[6]: Entering directory '/sources/gcc-build/powerpc64-unknown-linux-gnu/libstdc++-v3/testsuite'
make[6]: Nothing to be done for 'all'.
make[6]: Leaving directory '/sources/gcc-build/powerpc64-unknown-linux-gnu/libstdc++-v3/testsuite'
Making all in python
make[6]: Entering directory '/sources/gcc-build/powerpc64-unknown-linux-gnu/libstdc++-v3/python'
make[6]: Nothing to be done for 'all'.
make[6]: Leaving directory '/sources/gcc-build/powerpc64-unknown-linux-gnu/libstdc++-v3/python'
make[6]: Entering directory '/sources/gcc-build/powerpc64-unknown-linux-gnu/libstdc++-v3'
true "AR_FLAGS=rc" "CC_FOR_BUILD=gcc -isystem /usr/include" "CC_FOR_TARGET=/sources/gcc-build/./gcc/xgcc -B/sources/gcc-build/./gcc/" "CFLAGS=-g -O2" "CXXFLAGS=-g -O2 -D_GNU_SOURCE" "CFLAGS_FOR_BUILD=-g -O2" "CFLAGS_FOR_TARGET=-g -O2" "INSTALL=/usr/bin/install -c" "INSTALL_DATA=/usr/bin/install -c -m 644" "INSTALL_PROGRAM=/usr/bin/install -c" "INSTALL_SCRIPT=/usr/bin/install -c" "LDFLAGS=" "LIBCFLAGS=-g -O2" "LIBCFLAGS_FOR_TARGET=-g -O2" "MAKE=make" "MAKEINFO=makeinfo --split-size=5000000 --split-size=5000000   " "SHELL=/bin/sh" "RUNTESTFLAGS=" "exec_prefix=/usr" "infodir=/usr/share/info" "libdir=/usr/lib" "includedir=/usr/include" "prefix=/usr" "tooldir=/usr/powerpc64-unknown-linux-gnu" "gxx_include_dir=/usr/include/c++/8.3.0" "AR=ar" "AS=/sources/gcc-build/./gcc/as" "LD=/sources/gcc-build/./gcc/collect-ld" "RANLIB=ranlib" "NM=/sources/gcc-build/./gcc/nm" "NM_FOR_BUILD=" "NM_FOR_TARGET=nm" "DESTDIR=" "WERROR=" DO=all multi-do # make
make[6]: Leaving directory '/sources/gcc-build/powerpc64-unknown-linux-gnu/libstdc++-v3'
make[5]: Leaving directory '/sources/gcc-build/powerpc64-unknown-linux-gnu/libstdc++-v3'
make[4]: Leaving directory '/sources/gcc-build/powerpc64-unknown-linux-gnu/libstdc++-v3'
Checking multilib configuration for libsanitizer...
make[4]: Entering directory '/sources/gcc-build/powerpc64-unknown-linux-gnu/libsanitizer'
make "AR_FLAGS=rc" "CC_FOR_BUILD=gcc -isystem /usr/include" "CFLAGS=-g -O2" "CXXFLAGS=-g -O2 -D_GNU_SOURCE" "CFLAGS_FOR_BUILD=-g -O2" "CFLAGS_FOR_TARGET=-g -O2" "INSTALL=/usr/bin/install -c" "INSTALL_DATA=/usr/bin/install -c -m 644" "INSTALL_PROGRAM=/usr/bin/install -c" "INSTALL_SCRIPT=/usr/bin/install -c" "JC1FLAGS=" "LDFLAGS=" "LIBCFLAGS=-g -O2" "LIBCFLAGS_FOR_TARGET=-g -O2" "MAKE=make" "MAKEINFO=makeinfo --split-size=5000000 --split-size=5000000 " "PICFLAG=" "PICFLAG_FOR_TARGET=" "SHELL=/bin/sh" "RUNTESTFLAGS=" "exec_prefix=/usr" "infodir=/usr/share/info" "libdir=/usr/lib" "prefix=/usr" "includedir=/usr/include" "AR=ar" "AS=/sources/gcc-build/./gcc/as" "LD=/sources/gcc-build/./gcc/collect-ld" "LIBCFLAGS=-g -O2" "NM=/sources/gcc-build/./gcc/nm" "PICFLAG=" "RANLIB=ranlib" "DESTDIR=" all-recursive
make[5]: Entering directory '/sources/gcc-build/powerpc64-unknown-linux-gnu/libsanitizer'
Making all in sanitizer_common
make[6]: Entering directory '/sources/gcc-build/powerpc64-unknown-linux-gnu/libsanitizer/sanitizer_common'
make[6]: Nothing to be done for 'all'.
make[6]: Leaving directory '/sources/gcc-build/powerpc64-unknown-linux-gnu/libsanitizer/sanitizer_common'
Making all in interception
make[6]: Entering directory '/sources/gcc-build/powerpc64-unknown-linux-gnu/libsanitizer/interception'
make[6]: Nothing to be done for 'all'.
make[6]: Leaving directory '/sources/gcc-build/powerpc64-unknown-linux-gnu/libsanitizer/interception'
Making all in libbacktrace
make[6]: Entering directory '/sources/gcc-build/powerpc64-unknown-linux-gnu/libsanitizer/libbacktrace'
make[6]: Nothing to be done for 'all'.
make[6]: Leaving directory '/sources/gcc-build/powerpc64-unknown-linux-gnu/libsanitizer/libbacktrace'
Making all in lsan
make[6]: Entering directory '/sources/gcc-build/powerpc64-unknown-linux-gnu/libsanitizer/lsan'
make[6]: Nothing to be done for 'all'.
make[6]: Leaving directory '/sources/gcc-build/powerpc64-unknown-linux-gnu/libsanitizer/lsan'
Making all in asan
make[6]: Entering directory '/sources/gcc-build/powerpc64-unknown-linux-gnu/libsanitizer/asan'
make[6]: Nothing to be done for 'all'.
make[6]: Leaving directory '/sources/gcc-build/powerpc64-unknown-linux-gnu/libsanitizer/asan'
Making all in ubsan
make[6]: Entering directory '/sources/gcc-build/powerpc64-unknown-linux-gnu/libsanitizer/ubsan'
make[6]: Nothing to be done for 'all'.
make[6]: Leaving directory '/sources/gcc-build/powerpc64-unknown-linux-gnu/libsanitizer/ubsan'
Making all in tsan
make[6]: Entering directory '/sources/gcc-build/powerpc64-unknown-linux-gnu/libsanitizer/tsan'
make[6]: Nothing to be done for 'all'.
make[6]: Leaving directory '/sources/gcc-build/powerpc64-unknown-linux-gnu/libsanitizer/tsan'
make[6]: Entering directory '/sources/gcc-build/powerpc64-unknown-linux-gnu/libsanitizer'
true "AR_FLAGS=rc" "CC_FOR_BUILD=gcc -isystem /usr/include" "CFLAGS=-g -O2" "CXXFLAGS=-g -O2 -D_GNU_SOURCE" "CFLAGS_FOR_BUILD=-g -O2" "CFLAGS_FOR_TARGET=-g -O2" "INSTALL=/usr/bin/install -c" "INSTALL_DATA=/usr/bin/install -c -m 644" "INSTALL_PROGRAM=/usr/bin/install -c" "INSTALL_SCRIPT=/usr/bin/install -c" "JC1FLAGS=" "LDFLAGS=" "LIBCFLAGS=-g -O2" "LIBCFLAGS_FOR_TARGET=-g -O2" "MAKE=make" "MAKEINFO=makeinfo --split-size=5000000 --split-size=5000000   " "PICFLAG=" "PICFLAG_FOR_TARGET=" "SHELL=/bin/sh" "RUNTESTFLAGS=" "exec_prefix=/usr" "infodir=/usr/share/info" "libdir=/usr/lib" "prefix=/usr" "includedir=/usr/include" "AR=ar" "AS=/sources/gcc-build/./gcc/as" "LD=/sources/gcc-build/./gcc/collect-ld" "LIBCFLAGS=-g -O2" "NM=/sources/gcc-build/./gcc/nm" "PICFLAG=" "RANLIB=ranlib" "DESTDIR=" DO=all multi-do # make
make[6]: Leaving directory '/sources/gcc-build/powerpc64-unknown-linux-gnu/libsanitizer'
make[5]: Leaving directory '/sources/gcc-build/powerpc64-unknown-linux-gnu/libsanitizer'
make[4]: Leaving directory '/sources/gcc-build/powerpc64-unknown-linux-gnu/libsanitizer'
Checking multilib configuration for libssp...
make[4]: Entering directory '/sources/gcc-build/powerpc64-unknown-linux-gnu/libssp'
make "AR_FLAGS=rc" "CC_FOR_BUILD=gcc -isystem /usr/include" "CFLAGS=-g -O2" "CXXFLAGS=-g -O2 -D_GNU_SOURCE" "CFLAGS_FOR_BUILD=-g -O2" "CFLAGS_FOR_TARGET=-g -O2" "INSTALL=/usr/bin/install -c" "INSTALL_DATA=/usr/bin/install -c -m 644" "INSTALL_PROGRAM=/usr/bin/install -c" "INSTALL_SCRIPT=/usr/bin/install -c" "JC1FLAGS=" "LDFLAGS=" "LIBCFLAGS=-g -O2" "LIBCFLAGS_FOR_TARGET=-g -O2" "MAKE=make" "MAKEINFO=makeinfo --split-size=5000000 --split-size=5000000 " "PICFLAG=" "PICFLAG_FOR_TARGET=" "SHELL=/bin/sh" "RUNTESTFLAGS=" "exec_prefix=/usr" "infodir=/usr/share/info" "libdir=/usr/lib" "prefix=/usr" "includedir=/usr/include" "AR=ar" "AS=/sources/gcc-build/./gcc/as" "CC=/sources/gcc-build/./gcc/xgcc -B/sources/gcc-build/./gcc/ -B/usr/powerpc64-unknown-linux-gnu/bin/ -B/usr/powerpc64-unknown-linux-gnu/lib/ -isystem /usr/powerpc64-unknown-linux-gnu/include -isystem /usr/powerpc64-unknown-linux-gnu/sys-include   " "CXX=/sources/gcc-build/./gcc/xg++ -B/sources/gcc-build/./gcc/ -nostdinc++ -nostdinc++ -I/sources/gcc-build/powerpc64-unknown-linux-gnu/libstdc++-v3/include/powerpc64-unknown-linux-gnu -I/sources/gcc-build/powerpc64-unknown-linux-gnu/libstdc++-v3/include -I/sources/gcc-8.3.0/libstdc++-v3/libsupc++ -I/sources/gcc-8.3.0/libstdc++-v3/include/backward -I/sources/gcc-8.3.0/libstdc++-v3/testsuite/util -L/sources/gcc-build/powerpc64-unknown-linux-gnu/libstdc++-v3/src -L/sources/gcc-build/powerpc64-unknown-linux-gnu/libstdc++-v3/src/.libs -L/sources/gcc-build/powerpc64-unknown-linux-gnu/libstdc++-v3/libsupc++/.libs -B/sources/gcc-build/powerpc64-unknown-linux-gnu/libstdc++-v3/src/.libs -B/sources/gcc-build/powerpc64-unknown-linux-gnu/libstdc++-v3/libsupc++/.libs -B/usr/powerpc64-unknown-linux-gnu/bin/ -B/usr/powerpc64-unknown-linux-gnu/lib/ -isystem /usr/powerpc64-unknown-linux-gnu/include -isystem /usr/powerpc64-unknown-linux-gnu/sys-include   " "LD=/sources/gcc-build/./gcc/collect-ld" "LIBCFLAGS=-g -O2" "NM=/sources/gcc-build/./gcc/nm" "PICFLAG=" "RANLIB=ranlib" "DESTDIR=" all-am
make[5]: Entering directory '/sources/gcc-build/powerpc64-unknown-linux-gnu/libssp'
true "AR_FLAGS=rc" "CC_FOR_BUILD=gcc -isystem /usr/include" "CFLAGS=-g -O2" "CXXFLAGS=-g -O2 -D_GNU_SOURCE" "CFLAGS_FOR_BUILD=-g -O2" "CFLAGS_FOR_TARGET=-g -O2" "INSTALL=/usr/bin/install -c" "INSTALL_DATA=/usr/bin/install -c -m 644" "INSTALL_PROGRAM=/usr/bin/install -c" "INSTALL_SCRIPT=/usr/bin/install -c" "JC1FLAGS=" "LDFLAGS=" "LIBCFLAGS=-g -O2" "LIBCFLAGS_FOR_TARGET=-g -O2" "MAKE=make" "MAKEINFO=makeinfo --split-size=5000000 --split-size=5000000  " "PICFLAG=" "PICFLAG_FOR_TARGET=" "SHELL=/bin/sh" "RUNTESTFLAGS=" "exec_prefix=/usr" "infodir=/usr/share/info" "libdir=/usr/lib" "prefix=/usr" "includedir=/usr/include" "AR=ar" "AS=/sources/gcc-build/./gcc/as" "CC=/sources/gcc-build/./gcc/xgcc -B/sources/gcc-build/./gcc/ -B/usr/powerpc64-unknown-linux-gnu/bin/ -B/usr/powerpc64-unknown-linux-gnu/lib/ -isystem /usr/powerpc64-unknown-linux-gnu/include -isystem /usr/powerpc64-unknown-linux-gnu/sys-include   " "CXX=/sources/gcc-build/./gcc/xg++ -B/sources/gcc-build/./gcc/ -nostdinc++ -nostdinc++ -I/sources/gcc-build/powerpc64-unknown-linux-gnu/libstdc++-v3/include/powerpc64-unknown-linux-gnu -I/sources/gcc-build/powerpc64-unknown-linux-gnu/libstdc++-v3/include -I/sources/gcc-8.3.0/libstdc++-v3/libsupc++ -I/sources/gcc-8.3.0/libstdc++-v3/include/backward -I/sources/gcc-8.3.0/libstdc++-v3/testsuite/util -L/sources/gcc-build/powerpc64-unknown-linux-gnu/libstdc++-v3/src -L/sources/gcc-build/powerpc64-unknown-linux-gnu/libstdc++-v3/src/.libs -L/sources/gcc-build/powerpc64-unknown-linux-gnu/libstdc++-v3/libsupc++/.libs -B/sources/gcc-build/powerpc64-unknown-linux-gnu/libstdc++-v3/src/.libs -B/sources/gcc-build/powerpc64-unknown-linux-gnu/libstdc++-v3/libsupc++/.libs -B/usr/powerpc64-unknown-linux-gnu/bin/ -B/usr/powerpc64-unknown-linux-gnu/lib/ -isystem /usr/powerpc64-unknown-linux-gnu/include -isystem /usr/powerpc64-unknown-linux-gnu/sys-include   " "LD=/sources/gcc-build/./gcc/collect-ld" "LIBCFLAGS=-g -O2" "NM=/sources/gcc-build/./gcc/nm" "PICFLAG=" "RANLIB=ranlib" "DESTDIR=" DO=all multi-do # make
make[5]: Leaving directory '/sources/gcc-build/powerpc64-unknown-linux-gnu/libssp'
make[4]: Leaving directory '/sources/gcc-build/powerpc64-unknown-linux-gnu/libssp'
Checking multilib configuration for libquadmath...
make[4]: Entering directory '/sources/gcc-build/powerpc64-unknown-linux-gnu/libquadmath'
make  all-am
make[5]: Entering directory '/sources/gcc-build/powerpc64-unknown-linux-gnu/libquadmath'
true  DO=all multi-do # make
make[5]: Leaving directory '/sources/gcc-build/powerpc64-unknown-linux-gnu/libquadmath'
make[4]: Leaving directory '/sources/gcc-build/powerpc64-unknown-linux-gnu/libquadmath'
make[4]: Entering directory '/sources/gcc-build/powerpc64-unknown-linux-gnu/libgomp'
make  all-recursive
make[5]: Entering directory '/sources/gcc-build/powerpc64-unknown-linux-gnu/libgomp'
Making all in testsuite
make[6]: Entering directory '/sources/gcc-build/powerpc64-unknown-linux-gnu/libgomp/testsuite'
make[6]: Nothing to be done for 'all'.
make[6]: Leaving directory '/sources/gcc-build/powerpc64-unknown-linux-gnu/libgomp/testsuite'
make[6]: Entering directory '/sources/gcc-build/powerpc64-unknown-linux-gnu/libgomp'
true  DO=all multi-do # make
make[6]: Leaving directory '/sources/gcc-build/powerpc64-unknown-linux-gnu/libgomp'
make[5]: Leaving directory '/sources/gcc-build/powerpc64-unknown-linux-gnu/libgomp'
make[4]: Leaving directory '/sources/gcc-build/powerpc64-unknown-linux-gnu/libgomp'
Checking multilib configuration for libitm...
make[4]: Entering directory '/sources/gcc-build/powerpc64-unknown-linux-gnu/libitm'
make  all-recursive
make[5]: Entering directory '/sources/gcc-build/powerpc64-unknown-linux-gnu/libitm'
Making all in testsuite
make[6]: Entering directory '/sources/gcc-build/powerpc64-unknown-linux-gnu/libitm/testsuite'
make[6]: Nothing to be done for 'all'.
make[6]: Leaving directory '/sources/gcc-build/powerpc64-unknown-linux-gnu/libitm/testsuite'
make[6]: Entering directory '/sources/gcc-build/powerpc64-unknown-linux-gnu/libitm'
true  DO=all multi-do # make
make[6]: Leaving directory '/sources/gcc-build/powerpc64-unknown-linux-gnu/libitm'
make[5]: Leaving directory '/sources/gcc-build/powerpc64-unknown-linux-gnu/libitm'
make[4]: Leaving directory '/sources/gcc-build/powerpc64-unknown-linux-gnu/libitm'
Checking multilib configuration for libatomic...
make[4]: Entering directory '/sources/gcc-build/powerpc64-unknown-linux-gnu/libatomic'
make  all-recursive
make[5]: Entering directory '/sources/gcc-build/powerpc64-unknown-linux-gnu/libatomic'
Making all in testsuite
make[6]: Entering directory '/sources/gcc-build/powerpc64-unknown-linux-gnu/libatomic/testsuite'
make[6]: Nothing to be done for 'all'.
make[6]: Leaving directory '/sources/gcc-build/powerpc64-unknown-linux-gnu/libatomic/testsuite'
make[6]: Entering directory '/sources/gcc-build/powerpc64-unknown-linux-gnu/libatomic'
true  DO=all multi-do # make
make[6]: Leaving directory '/sources/gcc-build/powerpc64-unknown-linux-gnu/libatomic'
make[5]: Leaving directory '/sources/gcc-build/powerpc64-unknown-linux-gnu/libatomic'
make[4]: Leaving directory '/sources/gcc-build/powerpc64-unknown-linux-gnu/libatomic'
make[3]: Leaving directory '/sources/gcc-build'
make[2]: Leaving directory '/sources/gcc-build'
